TN:
SF:dist\bin\json-web-token.js
FN:2,(anonymous_0)
FN:4,(anonymous_1)
FN:5,(anonymous_2)
FN:9,(anonymous_3)
FN:11,(anonymous_4)
FN:14,(anonymous_5)
FN:21,(anonymous_6)
FN:22,adopt
FN:22,(anonymous_8)
FN:23,(anonymous_9)
FN:24,fulfilled
FN:25,rejected
FN:26,step
FN:30,(anonymous_13)
FN:31,(anonymous_14)
FN:32,(anonymous_15)
FN:33,verb
FN:33,(anonymous_17)
FN:34,step
FN:65,generateJWT
FN:71,verifyJWT
FN:73,(anonymous_21)
FN:75,(anonymous_22)
FNF:23
FNH:18
FNDA:6,(anonymous_0)
FNDA:153,(anonymous_1)
FNDA:0,(anonymous_2)
FNDA:1,(anonymous_3)
FNDA:0,(anonymous_4)
FNDA:1,(anonymous_5)
FNDA:93,(anonymous_6)
FNDA:22,adopt
FNDA:0,(anonymous_8)
FNDA:93,(anonymous_9)
FNDA:22,fulfilled
FNDA:0,rejected
FNDA:115,step
FNDA:93,(anonymous_13)
FNDA:22,(anonymous_14)
FNDA:0,(anonymous_15)
FNDA:279,verb
FNDA:115,(anonymous_17)
FNDA:115,step
FNDA:71,generateJWT
FNDA:93,verifyJWT
FNDA:93,(anonymous_21)
FNDA:178,(anonymous_22)
DA:2,1
DA:3,6
DA:4,153
DA:6,0
DA:7,0
DA:9,1
DA:10,1
DA:12,0
DA:14,1
DA:15,1
DA:16,1
DA:17,6
DA:18,1
DA:19,1
DA:21,1
DA:22,22
DA:23,93
DA:24,22
DA:25,0
DA:26,115
DA:27,93
DA:30,1
DA:31,93
DA:32,93
DA:33,279
DA:35,115
DA:36,315
DA:37,315
DA:38,315
DA:39,315
DA:40,115
DA:41,22
DA:42,0
DA:43,0
DA:45,178
DA:46,85
DA:47,22
DA:48,22
DA:49,22
DA:50,22
DA:52,178
DA:53,315
DA:54,93
DA:57,1
DA:58,1
DA:59,1
DA:60,1
DA:61,1
DA:62,1
DA:63,1
DA:64,1
DA:66,71
DA:70,1
DA:73,93
DA:75,93
DA:76,178
DA:78,93
DA:79,11
DA:80,82
DA:81,82
DA:84,11
DA:85,11
DA:87,71
DA:88,22
DA:90,22
DA:91,22
DA:93,22
DA:94,22
DA:95,8
DA:97,14
DA:99,0
DA:100,0
DA:101,63
DA:106,1
LF:74
LH:66
BRDA:2,0,0,1
BRDA:2,0,1,1
BRDA:2,0,2,1
BRDA:2,1,0,1
BRDA:2,1,1,0
BRDA:3,2,0,6
BRDA:3,2,1,0
BRDA:6,3,0,0
BRDA:6,3,1,0
BRDA:9,4,0,1
BRDA:9,4,1,1
BRDA:9,4,2,1
BRDA:9,5,0,1
BRDA:9,5,1,0
BRDA:14,6,0,1
BRDA:14,6,1,1
BRDA:14,6,2,1
BRDA:15,7,0,0
BRDA:15,7,1,1
BRDA:15,8,0,1
BRDA:15,8,1,1
BRDA:17,9,0,1
BRDA:17,9,1,0
BRDA:17,10,0,6
BRDA:17,10,1,0
BRDA:17,11,0,6
BRDA:17,11,1,6
BRDA:21,12,0,1
BRDA:21,12,1,1
BRDA:21,12,2,1
BRDA:22,13,0,22
BRDA:22,13,1,0
BRDA:23,14,0,93
BRDA:23,14,1,93
BRDA:26,15,0,93
BRDA:26,15,1,22
BRDA:27,16,0,93
BRDA:27,16,1,93
BRDA:30,17,0,1
BRDA:30,17,1,1
BRDA:30,17,2,1
BRDA:31,18,0,0
BRDA:31,18,1,22
BRDA:32,19,0,93
BRDA:32,19,1,93
BRDA:35,20,0,0
BRDA:35,20,1,115
BRDA:37,21,0,0
BRDA:37,21,1,315
BRDA:37,22,0,315
BRDA:37,22,1,0
BRDA:37,22,2,0
BRDA:37,23,0,0
BRDA:37,23,1,0
BRDA:37,24,0,0
BRDA:37,24,1,0
BRDA:37,25,0,0
BRDA:37,25,1,0
BRDA:37,26,0,0
BRDA:37,26,1,0
BRDA:38,27,0,0
BRDA:38,27,1,315
BRDA:39,28,0,115
BRDA:39,28,1,115
BRDA:39,28,2,22
BRDA:39,28,3,0
BRDA:39,28,4,0
BRDA:39,28,5,178
BRDA:45,29,0,93
BRDA:45,29,1,85
BRDA:45,30,0,178
BRDA:45,30,1,156
BRDA:45,30,2,156
BRDA:45,31,0,178
BRDA:45,31,1,22
BRDA:46,32,0,63
BRDA:46,32,1,22
BRDA:46,33,0,85
BRDA:46,33,1,77
BRDA:46,33,2,14
BRDA:46,33,3,14
BRDA:47,34,0,0
BRDA:47,34,1,22
BRDA:47,35,0,22
BRDA:47,35,1,0
BRDA:48,36,0,0
BRDA:48,36,1,22
BRDA:48,37,0,22
BRDA:48,37,1,22
BRDA:49,38,0,0
BRDA:49,38,1,22
BRDA:54,39,0,0
BRDA:54,39,1,93
BRDA:54,40,0,93
BRDA:54,40,1,0
BRDA:76,41,0,93
BRDA:76,41,1,22
BRDA:76,41,2,22
BRDA:76,41,3,0
BRDA:76,41,4,63
BRDA:78,42,0,11
BRDA:78,42,1,82
BRDA:81,43,0,0
BRDA:81,43,1,82
BRDA:81,44,0,82
BRDA:81,44,1,82
BRDA:87,45,0,49
BRDA:87,45,1,22
BRDA:94,46,0,8
BRDA:94,46,1,14
BRF:110
BRH:77
end_of_record
TN:
SF:dist\bin\logger.js
FN:6,logMessage
FN:11,logError
FNF:2
FNH:2
FNDA:2,logMessage
FNDA:20,logError
DA:3,1
DA:4,1
DA:5,1
DA:7,2
DA:8,0
DA:10,1
DA:12,20
DA:13,0
DA:15,1
LF:9
LH:7
BRDA:7,0,0,0
BRDA:7,0,1,2
BRDA:12,1,0,0
BRDA:12,1,1,20
BRF:4
BRH:2
end_of_record
TN:
SF:dist\bin\DB\mysql.js
FN:2,(anonymous_0)
FN:4,(anonymous_1)
FN:5,(anonymous_2)
FN:9,(anonymous_3)
FN:11,(anonymous_4)
FN:14,(anonymous_5)
FN:21,(anonymous_6)
FN:22,adopt
FN:22,(anonymous_8)
FN:23,(anonymous_9)
FN:24,fulfilled
FN:25,rejected
FN:26,step
FN:30,(anonymous_13)
FN:31,(anonymous_14)
FN:32,(anonymous_15)
FN:33,verb
FN:33,(anonymous_17)
FN:34,step
FN:68,(anonymous_19)
FN:73,executeQuery
FN:74,(anonymous_21)
FN:75,(anonymous_22)
FN:76,(anonymous_23)
FN:77,(anonymous_24)
FN:88,startTransaction
FN:89,(anonymous_26)
FN:90,(anonymous_27)
FN:101,commitTransaction
FN:102,(anonymous_29)
FN:103,(anonymous_30)
FN:114,rollbackTransaction
FN:115,(anonymous_32)
FN:116,(anonymous_33)
FNF:34
FNH:29
FNDA:8,(anonymous_0)
FNDA:1,(anonymous_1)
FNDA:0,(anonymous_2)
FNDA:1,(anonymous_3)
FNDA:0,(anonymous_4)
FNDA:1,(anonymous_5)
FNDA:769,(anonymous_6)
FNDA:110,adopt
FNDA:0,(anonymous_8)
FNDA:769,(anonymous_9)
FNDA:110,fulfilled
FNDA:0,rejected
FNDA:879,step
FNDA:769,(anonymous_13)
FNDA:110,(anonymous_14)
FNDA:0,(anonymous_15)
FNDA:2307,verb
FNDA:879,(anonymous_17)
FNDA:879,step
FNDA:1,(anonymous_19)
FNDA:659,executeQuery
FNDA:659,(anonymous_21)
FNDA:659,(anonymous_22)
FNDA:659,(anonymous_23)
FNDA:659,(anonymous_24)
FNDA:55,startTransaction
FNDA:55,(anonymous_26)
FNDA:110,(anonymous_27)
FNDA:51,commitTransaction
FNDA:51,(anonymous_29)
FNDA:102,(anonymous_30)
FNDA:4,rollbackTransaction
FNDA:4,(anonymous_32)
FNDA:8,(anonymous_33)
DA:2,1
DA:3,8
DA:4,8
DA:6,0
DA:7,0
DA:9,1
DA:10,1
DA:12,0
DA:14,1
DA:15,1
DA:16,1
DA:17,8
DA:18,1
DA:19,1
DA:21,1
DA:22,110
DA:23,769
DA:24,110
DA:25,0
DA:26,879
DA:27,769
DA:30,1
DA:31,769
DA:32,769
DA:33,2307
DA:35,879
DA:36,1758
DA:37,1758
DA:38,1758
DA:39,1758
DA:40,879
DA:41,110
DA:42,0
DA:43,0
DA:45,769
DA:46,0
DA:47,0
DA:48,0
DA:49,0
DA:50,0
DA:52,879
DA:53,1758
DA:54,769
DA:57,1
DA:58,1
DA:59,1
DA:60,1
DA:61,1
DA:62,1
DA:68,1
DA:69,1
DA:70,0
DA:71,1
DA:74,659
DA:75,659
DA:76,659
DA:77,659
DA:78,659
DA:79,4
DA:81,655
DA:87,1
DA:89,55
DA:90,55
DA:91,110
DA:92,55
DA:94,55
DA:95,55
DA:100,1
DA:102,51
DA:103,51
DA:104,102
DA:105,51
DA:107,51
DA:108,51
DA:113,1
DA:115,4
DA:116,4
DA:117,8
DA:118,4
DA:120,4
DA:121,4
DA:126,1
LF:82
LH:70
BRDA:2,0,0,1
BRDA:2,0,1,1
BRDA:2,0,2,1
BRDA:2,1,0,1
BRDA:2,1,1,0
BRDA:3,2,0,8
BRDA:3,2,1,0
BRDA:6,3,0,0
BRDA:6,3,1,0
BRDA:9,4,0,1
BRDA:9,4,1,1
BRDA:9,4,2,1
BRDA:9,5,0,1
BRDA:9,5,1,0
BRDA:14,6,0,1
BRDA:14,6,1,1
BRDA:14,6,2,1
BRDA:15,7,0,0
BRDA:15,7,1,1
BRDA:15,8,0,1
BRDA:15,8,1,1
BRDA:17,9,0,1
BRDA:17,9,1,0
BRDA:17,10,0,8
BRDA:17,10,1,0
BRDA:17,11,0,8
BRDA:17,11,1,8
BRDA:21,12,0,1
BRDA:21,12,1,1
BRDA:21,12,2,1
BRDA:22,13,0,110
BRDA:22,13,1,0
BRDA:23,14,0,769
BRDA:23,14,1,769
BRDA:26,15,0,769
BRDA:26,15,1,110
BRDA:27,16,0,769
BRDA:27,16,1,769
BRDA:30,17,0,1
BRDA:30,17,1,1
BRDA:30,17,2,1
BRDA:31,18,0,0
BRDA:31,18,1,110
BRDA:32,19,0,769
BRDA:32,19,1,769
BRDA:35,20,0,0
BRDA:35,20,1,879
BRDA:37,21,0,0
BRDA:37,21,1,1758
BRDA:37,22,0,1758
BRDA:37,22,1,0
BRDA:37,22,2,0
BRDA:37,23,0,0
BRDA:37,23,1,0
BRDA:37,24,0,0
BRDA:37,24,1,0
BRDA:37,25,0,0
BRDA:37,25,1,0
BRDA:37,26,0,0
BRDA:37,26,1,0
BRDA:38,27,0,0
BRDA:38,27,1,1758
BRDA:39,28,0,879
BRDA:39,28,1,879
BRDA:39,28,2,110
BRDA:39,28,3,0
BRDA:39,28,4,0
BRDA:39,28,5,769
BRDA:45,29,0,769
BRDA:45,29,1,0
BRDA:45,30,0,769
BRDA:45,30,1,769
BRDA:45,30,2,769
BRDA:45,31,0,769
BRDA:45,31,1,0
BRDA:46,32,0,0
BRDA:46,32,1,0
BRDA:46,33,0,0
BRDA:46,33,1,0
BRDA:46,33,2,0
BRDA:46,33,3,0
BRDA:47,34,0,0
BRDA:47,34,1,0
BRDA:47,35,0,0
BRDA:47,35,1,0
BRDA:48,36,0,0
BRDA:48,36,1,0
BRDA:48,37,0,0
BRDA:48,37,1,0
BRDA:49,38,0,0
BRDA:49,38,1,0
BRDA:54,39,0,0
BRDA:54,39,1,769
BRDA:54,40,0,769
BRDA:54,40,1,0
BRDA:69,41,0,0
BRDA:69,41,1,1
BRDA:78,42,0,4
BRDA:78,42,1,655
BRDA:91,43,0,55
BRDA:91,43,1,55
BRDA:104,44,0,51
BRDA:104,44,1,51
BRDA:117,45,0,4
BRDA:117,45,1,4
BRF:105
BRH:59
end_of_record
TN:
SF:dist\bin\DB\project-auth.table.js
FN:2,(anonymous_0)
FN:3,adopt
FN:3,(anonymous_2)
FN:4,(anonymous_3)
FN:5,fulfilled
FN:6,rejected
FN:7,step
FN:11,(anonymous_7)
FN:12,(anonymous_8)
FN:13,(anonymous_9)
FN:14,verb
FN:14,(anonymous_11)
FN:15,step
FN:42,insertProjectAuth
FN:43,(anonymous_14)
FN:44,(anonymous_15)
FN:55,queryProjectAuth
FN:56,(anonymous_17)
FN:58,(anonymous_18)
FN:71,deleteProjectAuth
FN:72,(anonymous_20)
FN:74,(anonymous_21)
FNF:22
FNH:19
FNDA:78,(anonymous_0)
FNDA:78,adopt
FNDA:0,(anonymous_2)
FNDA:78,(anonymous_3)
FNDA:78,fulfilled
FNDA:0,rejected
FNDA:156,step
FNDA:78,(anonymous_7)
FNDA:78,(anonymous_8)
FNDA:0,(anonymous_9)
FNDA:234,verb
FNDA:156,(anonymous_11)
FNDA:156,step
FNDA:52,insertProjectAuth
FNDA:52,(anonymous_14)
FNDA:104,(anonymous_15)
FNDA:22,queryProjectAuth
FNDA:22,(anonymous_17)
FNDA:44,(anonymous_18)
FNDA:4,deleteProjectAuth
FNDA:4,(anonymous_20)
FNDA:8,(anonymous_21)
DA:2,1
DA:3,78
DA:4,78
DA:5,78
DA:6,0
DA:7,156
DA:8,78
DA:11,1
DA:12,78
DA:13,78
DA:14,234
DA:16,156
DA:17,312
DA:18,312
DA:19,312
DA:20,312
DA:21,156
DA:22,78
DA:23,0
DA:24,0
DA:26,78
DA:27,0
DA:28,0
DA:29,0
DA:30,0
DA:31,0
DA:33,156
DA:34,312
DA:35,78
DA:38,1
DA:39,1
DA:40,1
DA:41,1
DA:43,52
DA:44,52
DA:45,104
DA:46,52
DA:48,52
DA:49,52
DA:54,1
DA:56,22
DA:58,22
DA:59,44
DA:61,22
DA:62,22
DA:65,22
DA:70,1
DA:72,4
DA:74,4
DA:75,8
DA:76,4
DA:78,4
DA:79,4
DA:80,0
DA:81,4
DA:86,1
LF:56
LH:47
BRDA:2,0,0,1
BRDA:2,0,1,1
BRDA:2,0,2,1
BRDA:3,1,0,78
BRDA:3,1,1,0
BRDA:4,2,0,78
BRDA:4,2,1,78
BRDA:7,3,0,78
BRDA:7,3,1,78
BRDA:8,4,0,78
BRDA:8,4,1,78
BRDA:11,5,0,1
BRDA:11,5,1,1
BRDA:11,5,2,1
BRDA:12,6,0,0
BRDA:12,6,1,78
BRDA:13,7,0,78
BRDA:13,7,1,78
BRDA:16,8,0,0
BRDA:16,8,1,156
BRDA:18,9,0,0
BRDA:18,9,1,312
BRDA:18,10,0,312
BRDA:18,10,1,0
BRDA:18,10,2,0
BRDA:18,11,0,0
BRDA:18,11,1,0
BRDA:18,12,0,0
BRDA:18,12,1,0
BRDA:18,13,0,0
BRDA:18,13,1,0
BRDA:18,14,0,0
BRDA:18,14,1,0
BRDA:19,15,0,0
BRDA:19,15,1,312
BRDA:20,16,0,156
BRDA:20,16,1,156
BRDA:20,16,2,78
BRDA:20,16,3,0
BRDA:20,16,4,0
BRDA:20,16,5,78
BRDA:26,17,0,78
BRDA:26,17,1,0
BRDA:26,18,0,78
BRDA:26,18,1,78
BRDA:26,18,2,78
BRDA:26,19,0,78
BRDA:26,19,1,0
BRDA:27,20,0,0
BRDA:27,20,1,0
BRDA:27,21,0,0
BRDA:27,21,1,0
BRDA:27,21,2,0
BRDA:27,21,3,0
BRDA:28,22,0,0
BRDA:28,22,1,0
BRDA:28,23,0,0
BRDA:28,23,1,0
BRDA:29,24,0,0
BRDA:29,24,1,0
BRDA:29,25,0,0
BRDA:29,25,1,0
BRDA:30,26,0,0
BRDA:30,26,1,0
BRDA:35,27,0,0
BRDA:35,27,1,78
BRDA:35,28,0,78
BRDA:35,28,1,0
BRDA:45,29,0,52
BRDA:45,29,1,52
BRDA:59,30,0,22
BRDA:59,30,1,22
BRDA:75,31,0,4
BRDA:75,31,1,4
BRDA:79,32,0,0
BRDA:79,32,1,4
BRF:76
BRH:38
end_of_record
TN:
SF:dist\bin\DB\projects.table.js
FN:2,(anonymous_0)
FN:3,adopt
FN:3,(anonymous_2)
FN:4,(anonymous_3)
FN:5,fulfilled
FN:6,rejected
FN:7,step
FN:11,(anonymous_7)
FN:12,(anonymous_8)
FN:13,(anonymous_9)
FN:14,verb
FN:14,(anonymous_11)
FN:15,step
FN:43,queryAllProjects
FN:44,(anonymous_14)
FN:45,(anonymous_15)
FN:54,insertProject
FN:55,(anonymous_17)
FN:57,(anonymous_18)
FN:70,editProject
FN:71,(anonymous_20)
FN:73,(anonymous_21)
FN:86,queryProject
FN:87,(anonymous_23)
FN:88,(anonymous_24)
FN:99,deleteProject
FN:100,(anonymous_26)
FN:102,(anonymous_27)
FNF:28
FNH:22
FNDA:64,(anonymous_0)
FNDA:64,adopt
FNDA:0,(anonymous_2)
FNDA:64,(anonymous_3)
FNDA:64,fulfilled
FNDA:0,rejected
FNDA:126,step
FNDA:64,(anonymous_7)
FNDA:64,(anonymous_8)
FNDA:0,(anonymous_9)
FNDA:192,verb
FNDA:128,(anonymous_11)
FNDA:128,step
FNDA:0,queryAllProjects
FNDA:0,(anonymous_14)
FNDA:0,(anonymous_15)
FNDA:51,insertProject
FNDA:51,(anonymous_17)
FNDA:102,(anonymous_18)
FNDA:3,editProject
FNDA:3,(anonymous_20)
FNDA:6,(anonymous_21)
FNDA:7,queryProject
FNDA:7,(anonymous_23)
FNDA:14,(anonymous_24)
FNDA:3,deleteProject
FNDA:3,(anonymous_26)
FNDA:6,(anonymous_27)
DA:2,1
DA:3,64
DA:4,64
DA:5,64
DA:6,0
DA:7,126
DA:8,64
DA:11,1
DA:12,64
DA:13,64
DA:14,192
DA:16,128
DA:17,256
DA:18,256
DA:19,256
DA:20,256
DA:21,128
DA:22,64
DA:23,0
DA:24,0
DA:26,64
DA:27,0
DA:28,0
DA:29,0
DA:30,0
DA:31,0
DA:33,128
DA:34,256
DA:35,64
DA:38,1
DA:39,1
DA:40,1
DA:41,1
DA:42,1
DA:44,0
DA:45,0
DA:46,0
DA:47,0
DA:48,0
DA:53,1
DA:55,51
DA:57,51
DA:58,102
DA:60,51
DA:61,51
DA:63,51
DA:64,51
DA:69,1
DA:71,3
DA:73,3
DA:74,6
DA:75,3
DA:77,3
DA:78,3
DA:79,2
DA:80,1
DA:85,1
DA:87,7
DA:88,7
DA:89,14
DA:90,7
DA:93,7
DA:98,1
DA:100,3
DA:102,3
DA:103,6
DA:104,3
DA:106,3
DA:107,3
DA:108,0
DA:109,3
DA:114,1
LF:72
LH:58
BRDA:2,0,0,1
BRDA:2,0,1,1
BRDA:2,0,2,1
BRDA:3,1,0,64
BRDA:3,1,1,0
BRDA:4,2,0,64
BRDA:4,2,1,64
BRDA:7,3,0,62
BRDA:7,3,1,64
BRDA:8,4,0,64
BRDA:8,4,1,64
BRDA:11,5,0,1
BRDA:11,5,1,1
BRDA:11,5,2,1
BRDA:12,6,0,0
BRDA:12,6,1,64
BRDA:13,7,0,64
BRDA:13,7,1,64
BRDA:16,8,0,0
BRDA:16,8,1,128
BRDA:18,9,0,0
BRDA:18,9,1,256
BRDA:18,10,0,256
BRDA:18,10,1,0
BRDA:18,10,2,0
BRDA:18,11,0,0
BRDA:18,11,1,0
BRDA:18,12,0,0
BRDA:18,12,1,0
BRDA:18,13,0,0
BRDA:18,13,1,0
BRDA:18,14,0,0
BRDA:18,14,1,0
BRDA:19,15,0,0
BRDA:19,15,1,256
BRDA:20,16,0,128
BRDA:20,16,1,128
BRDA:20,16,2,64
BRDA:20,16,3,0
BRDA:20,16,4,0
BRDA:20,16,5,64
BRDA:26,17,0,64
BRDA:26,17,1,0
BRDA:26,18,0,64
BRDA:26,18,1,64
BRDA:26,18,2,62
BRDA:26,19,0,64
BRDA:26,19,1,0
BRDA:27,20,0,0
BRDA:27,20,1,0
BRDA:27,21,0,0
BRDA:27,21,1,0
BRDA:27,21,2,0
BRDA:27,21,3,0
BRDA:28,22,0,0
BRDA:28,22,1,0
BRDA:28,23,0,0
BRDA:28,23,1,0
BRDA:29,24,0,0
BRDA:29,24,1,0
BRDA:29,25,0,0
BRDA:29,25,1,0
BRDA:30,26,0,0
BRDA:30,26,1,0
BRDA:35,27,0,2
BRDA:35,27,1,62
BRDA:35,28,0,62
BRDA:35,28,1,0
BRDA:46,29,0,0
BRDA:46,29,1,0
BRDA:58,30,0,51
BRDA:58,30,1,51
BRDA:74,31,0,3
BRDA:74,31,1,3
BRDA:78,32,0,2
BRDA:78,32,1,1
BRDA:89,33,0,7
BRDA:89,33,1,7
BRDA:103,34,0,3
BRDA:103,34,1,3
BRDA:107,35,0,0
BRDA:107,35,1,3
BRF:82
BRH:43
end_of_record
TN:
SF:dist\bin\DB\supplies.table.js
FN:2,(anonymous_0)
FN:3,adopt
FN:3,(anonymous_2)
FN:4,(anonymous_3)
FN:5,fulfilled
FN:6,rejected
FN:7,step
FN:11,(anonymous_7)
FN:12,(anonymous_8)
FN:13,(anonymous_9)
FN:14,verb
FN:14,(anonymous_11)
FN:15,step
FN:43,queryAllSupplies
FN:44,(anonymous_14)
FN:45,(anonymous_15)
FN:54,insertSupply
FN:55,(anonymous_17)
FN:57,(anonymous_18)
FN:71,editSupply
FN:72,(anonymous_20)
FN:74,(anonymous_21)
FN:89,querySupply
FN:90,(anonymous_23)
FN:91,(anonymous_24)
FN:102,deleteSupply
FN:103,(anonymous_26)
FN:105,(anonymous_27)
FNF:28
FNH:25
FNDA:131,(anonymous_0)
FNDA:131,adopt
FNDA:0,(anonymous_2)
FNDA:131,(anonymous_3)
FNDA:131,fulfilled
FNDA:0,rejected
FNDA:260,step
FNDA:131,(anonymous_7)
FNDA:131,(anonymous_8)
FNDA:0,(anonymous_9)
FNDA:393,verb
FNDA:262,(anonymous_11)
FNDA:262,step
FNDA:2,queryAllSupplies
FNDA:2,(anonymous_14)
FNDA:4,(anonymous_15)
FNDA:118,insertSupply
FNDA:118,(anonymous_17)
FNDA:236,(anonymous_18)
FNDA:3,editSupply
FNDA:3,(anonymous_20)
FNDA:6,(anonymous_21)
FNDA:5,querySupply
FNDA:5,(anonymous_23)
FNDA:10,(anonymous_24)
FNDA:3,deleteSupply
FNDA:3,(anonymous_26)
FNDA:6,(anonymous_27)
DA:2,1
DA:3,131
DA:4,131
DA:5,131
DA:6,0
DA:7,260
DA:8,131
DA:11,1
DA:12,131
DA:13,131
DA:14,393
DA:16,262
DA:17,524
DA:18,524
DA:19,524
DA:20,524
DA:21,262
DA:22,131
DA:23,0
DA:24,0
DA:26,131
DA:27,0
DA:28,0
DA:29,0
DA:30,0
DA:31,0
DA:33,262
DA:34,524
DA:35,131
DA:38,1
DA:39,1
DA:40,1
DA:41,1
DA:42,1
DA:44,2
DA:45,2
DA:46,4
DA:47,2
DA:48,2
DA:53,1
DA:55,118
DA:57,118
DA:58,236
DA:60,118
DA:61,118
DA:64,118
DA:65,118
DA:70,1
DA:72,3
DA:74,3
DA:75,6
DA:76,3
DA:80,3
DA:81,3
DA:82,1
DA:83,2
DA:88,1
DA:90,5
DA:91,5
DA:92,10
DA:93,5
DA:96,5
DA:101,1
DA:103,3
DA:105,3
DA:106,6
DA:107,3
DA:109,3
DA:110,3
DA:111,1
DA:112,2
DA:117,1
LF:72
LH:64
BRDA:2,0,0,1
BRDA:2,0,1,1
BRDA:2,0,2,1
BRDA:3,1,0,131
BRDA:3,1,1,0
BRDA:4,2,0,131
BRDA:4,2,1,131
BRDA:7,3,0,129
BRDA:7,3,1,131
BRDA:8,4,0,131
BRDA:8,4,1,131
BRDA:11,5,0,1
BRDA:11,5,1,1
BRDA:11,5,2,1
BRDA:12,6,0,0
BRDA:12,6,1,131
BRDA:13,7,0,131
BRDA:13,7,1,131
BRDA:16,8,0,0
BRDA:16,8,1,262
BRDA:18,9,0,0
BRDA:18,9,1,524
BRDA:18,10,0,524
BRDA:18,10,1,0
BRDA:18,10,2,0
BRDA:18,11,0,0
BRDA:18,11,1,0
BRDA:18,12,0,0
BRDA:18,12,1,0
BRDA:18,13,0,0
BRDA:18,13,1,0
BRDA:18,14,0,0
BRDA:18,14,1,0
BRDA:19,15,0,0
BRDA:19,15,1,524
BRDA:20,16,0,262
BRDA:20,16,1,262
BRDA:20,16,2,131
BRDA:20,16,3,0
BRDA:20,16,4,0
BRDA:20,16,5,131
BRDA:26,17,0,131
BRDA:26,17,1,0
BRDA:26,18,0,131
BRDA:26,18,1,131
BRDA:26,18,2,129
BRDA:26,19,0,131
BRDA:26,19,1,0
BRDA:27,20,0,0
BRDA:27,20,1,0
BRDA:27,21,0,0
BRDA:27,21,1,0
BRDA:27,21,2,0
BRDA:27,21,3,0
BRDA:28,22,0,0
BRDA:28,22,1,0
BRDA:28,23,0,0
BRDA:28,23,1,0
BRDA:29,24,0,0
BRDA:29,24,1,0
BRDA:29,25,0,0
BRDA:29,25,1,0
BRDA:30,26,0,0
BRDA:30,26,1,0
BRDA:35,27,0,2
BRDA:35,27,1,129
BRDA:35,28,0,129
BRDA:35,28,1,0
BRDA:46,29,0,2
BRDA:46,29,1,2
BRDA:58,30,0,118
BRDA:58,30,1,118
BRDA:75,31,0,3
BRDA:75,31,1,3
BRDA:81,32,0,1
BRDA:81,32,1,2
BRDA:92,33,0,5
BRDA:92,33,1,5
BRDA:106,34,0,3
BRDA:106,34,1,3
BRDA:110,35,0,1
BRDA:110,35,1,2
BRF:82
BRH:46
end_of_record
TN:
SF:dist\bin\DB\suppliesRequired.table.js
FN:2,(anonymous_0)
FN:3,adopt
FN:3,(anonymous_2)
FN:4,(anonymous_3)
FN:5,fulfilled
FN:6,rejected
FN:7,step
FN:11,(anonymous_7)
FN:12,(anonymous_8)
FN:13,(anonymous_9)
FN:14,verb
FN:14,(anonymous_11)
FN:15,step
FN:42,queryAllSuppliesRequiredOfTodo
FN:43,(anonymous_14)
FN:44,(anonymous_15)
FN:53,insertSupplyRequired
FN:54,(anonymous_17)
FN:56,(anonymous_18)
FN:70,editSupplyRequired
FN:71,(anonymous_20)
FN:72,(anonymous_21)
FN:83,querySupplyRequired
FN:84,(anonymous_23)
FN:85,(anonymous_24)
FN:94,deleteSupplyRequired
FN:95,(anonymous_26)
FN:96,(anonymous_27)
FNF:28
FNH:17
FNDA:120,(anonymous_0)
FNDA:120,adopt
FNDA:0,(anonymous_2)
FNDA:120,(anonymous_3)
FNDA:116,fulfilled
FNDA:4,rejected
FNDA:236,step
FNDA:120,(anonymous_7)
FNDA:120,(anonymous_8)
FNDA:0,(anonymous_9)
FNDA:360,verb
FNDA:240,(anonymous_11)
FNDA:240,step
FNDA:14,queryAllSuppliesRequiredOfTodo
FNDA:14,(anonymous_14)
FNDA:28,(anonymous_15)
FNDA:106,insertSupplyRequired
FNDA:106,(anonymous_17)
FNDA:212,(anonymous_18)
FNDA:0,editSupplyRequired
FNDA:0,(anonymous_20)
FNDA:0,(anonymous_21)
FNDA:0,querySupplyRequired
FNDA:0,(anonymous_23)
FNDA:0,(anonymous_24)
FNDA:0,deleteSupplyRequired
FNDA:0,(anonymous_26)
FNDA:0,(anonymous_27)
DA:2,1
DA:3,120
DA:4,120
DA:5,116
DA:6,4
DA:7,236
DA:8,120
DA:11,1
DA:12,120
DA:13,120
DA:14,360
DA:16,240
DA:17,480
DA:18,480
DA:19,480
DA:20,480
DA:21,240
DA:22,120
DA:23,0
DA:24,0
DA:26,120
DA:27,0
DA:28,0
DA:29,0
DA:30,0
DA:31,0
DA:33,240
DA:34,480
DA:35,120
DA:38,1
DA:39,1
DA:40,1
DA:41,1
DA:43,14
DA:44,14
DA:45,28
DA:46,14
DA:47,14
DA:52,1
DA:54,106
DA:56,106
DA:57,212
DA:59,106
DA:60,106
DA:63,106
DA:64,102
DA:69,1
DA:71,0
DA:72,0
DA:73,0
DA:74,0
DA:76,0
DA:77,0
DA:82,1
DA:84,0
DA:85,0
DA:86,0
DA:87,0
DA:88,0
DA:93,1
DA:95,0
DA:96,0
DA:97,0
DA:98,0
DA:100,0
DA:101,0
DA:106,1
LF:67
LH:43
BRDA:2,0,0,1
BRDA:2,0,1,1
BRDA:2,0,2,1
BRDA:3,1,0,120
BRDA:3,1,1,0
BRDA:4,2,0,120
BRDA:4,2,1,120
BRDA:7,3,0,116
BRDA:7,3,1,120
BRDA:8,4,0,120
BRDA:8,4,1,120
BRDA:11,5,0,1
BRDA:11,5,1,1
BRDA:11,5,2,1
BRDA:12,6,0,4
BRDA:12,6,1,116
BRDA:13,7,0,120
BRDA:13,7,1,120
BRDA:16,8,0,0
BRDA:16,8,1,240
BRDA:18,9,0,0
BRDA:18,9,1,480
BRDA:18,10,0,480
BRDA:18,10,1,0
BRDA:18,10,2,0
BRDA:18,11,0,0
BRDA:18,11,1,0
BRDA:18,12,0,0
BRDA:18,12,1,0
BRDA:18,13,0,0
BRDA:18,13,1,0
BRDA:18,14,0,0
BRDA:18,14,1,0
BRDA:19,15,0,0
BRDA:19,15,1,480
BRDA:20,16,0,236
BRDA:20,16,1,240
BRDA:20,16,2,120
BRDA:20,16,3,0
BRDA:20,16,4,0
BRDA:20,16,5,120
BRDA:26,17,0,120
BRDA:26,17,1,0
BRDA:26,18,0,120
BRDA:26,18,1,120
BRDA:26,18,2,116
BRDA:26,19,0,120
BRDA:26,19,1,0
BRDA:27,20,0,0
BRDA:27,20,1,0
BRDA:27,21,0,0
BRDA:27,21,1,0
BRDA:27,21,2,0
BRDA:27,21,3,0
BRDA:28,22,0,0
BRDA:28,22,1,0
BRDA:28,23,0,0
BRDA:28,23,1,0
BRDA:29,24,0,0
BRDA:29,24,1,0
BRDA:29,25,0,0
BRDA:29,25,1,0
BRDA:30,26,0,0
BRDA:30,26,1,0
BRDA:35,27,0,4
BRDA:35,27,1,116
BRDA:35,28,0,116
BRDA:35,28,1,0
BRDA:45,29,0,14
BRDA:45,29,1,14
BRDA:57,30,0,106
BRDA:57,30,1,106
BRDA:73,31,0,0
BRDA:73,31,1,0
BRDA:86,32,0,0
BRDA:86,32,1,0
BRDA:97,33,0,0
BRDA:97,33,1,0
BRF:78
BRH:37
end_of_record
TN:
SF:dist\bin\DB\todos.table.js
FN:2,(anonymous_0)
FN:3,adopt
FN:3,(anonymous_2)
FN:4,(anonymous_3)
FN:5,fulfilled
FN:6,rejected
FN:7,step
FN:11,(anonymous_7)
FN:12,(anonymous_8)
FN:13,(anonymous_9)
FN:14,verb
FN:14,(anonymous_11)
FN:15,step
FN:43,queryAllTodosOfProject
FN:44,(anonymous_14)
FN:45,(anonymous_15)
FN:54,insertTodo
FN:55,(anonymous_17)
FN:57,(anonymous_18)
FN:70,editTodo
FN:71,(anonymous_20)
FN:73,(anonymous_21)
FN:86,completeTodo
FN:87,(anonymous_23)
FN:89,(anonymous_24)
FN:102,queryTodo
FN:103,(anonymous_26)
FN:104,(anonymous_27)
FN:115,deleteTodo
FN:116,(anonymous_29)
FN:118,(anonymous_30)
FNF:31
FNH:25
FNDA:89,(anonymous_0)
FNDA:89,adopt
FNDA:0,(anonymous_2)
FNDA:89,(anonymous_3)
FNDA:89,fulfilled
FNDA:0,rejected
FNDA:178,step
FNDA:89,(anonymous_7)
FNDA:89,(anonymous_8)
FNDA:0,(anonymous_9)
FNDA:267,verb
FNDA:178,(anonymous_11)
FNDA:178,step
FNDA:12,queryAllTodosOfProject
FNDA:12,(anonymous_14)
FNDA:24,(anonymous_15)
FNDA:55,insertTodo
FNDA:55,(anonymous_17)
FNDA:110,(anonymous_18)
FNDA:4,editTodo
FNDA:4,(anonymous_20)
FNDA:8,(anonymous_21)
FNDA:0,completeTodo
FNDA:0,(anonymous_23)
FNDA:0,(anonymous_24)
FNDA:14,queryTodo
FNDA:14,(anonymous_26)
FNDA:28,(anonymous_27)
FNDA:4,deleteTodo
FNDA:4,(anonymous_29)
FNDA:8,(anonymous_30)
DA:2,1
DA:3,89
DA:4,89
DA:5,89
DA:6,0
DA:7,178
DA:8,89
DA:11,1
DA:12,89
DA:13,89
DA:14,267
DA:16,178
DA:17,356
DA:18,356
DA:19,356
DA:20,356
DA:21,178
DA:22,89
DA:23,0
DA:24,0
DA:26,89
DA:27,0
DA:28,0
DA:29,0
DA:30,0
DA:31,0
DA:33,178
DA:34,356
DA:35,89
DA:38,1
DA:39,1
DA:40,1
DA:41,1
DA:42,1
DA:44,12
DA:45,12
DA:46,24
DA:47,12
DA:48,12
DA:53,1
DA:55,55
DA:57,55
DA:58,110
DA:60,55
DA:61,55
DA:63,55
DA:64,55
DA:69,1
DA:71,4
DA:73,4
DA:74,8
DA:75,4
DA:77,4
DA:78,4
DA:79,0
DA:80,4
DA:85,1
DA:87,0
DA:89,0
DA:90,0
DA:91,0
DA:93,0
DA:94,0
DA:95,0
DA:96,0
DA:101,1
DA:103,14
DA:104,14
DA:105,28
DA:106,14
DA:109,14
DA:114,1
DA:116,4
DA:118,4
DA:119,8
DA:120,4
DA:122,4
DA:123,4
DA:124,0
DA:125,4
DA:130,1
LF:81
LH:63
BRDA:2,0,0,1
BRDA:2,0,1,1
BRDA:2,0,2,1
BRDA:3,1,0,89
BRDA:3,1,1,0
BRDA:4,2,0,89
BRDA:4,2,1,89
BRDA:7,3,0,89
BRDA:7,3,1,89
BRDA:8,4,0,89
BRDA:8,4,1,89
BRDA:11,5,0,1
BRDA:11,5,1,1
BRDA:11,5,2,1
BRDA:12,6,0,0
BRDA:12,6,1,89
BRDA:13,7,0,89
BRDA:13,7,1,89
BRDA:16,8,0,0
BRDA:16,8,1,178
BRDA:18,9,0,0
BRDA:18,9,1,356
BRDA:18,10,0,356
BRDA:18,10,1,0
BRDA:18,10,2,0
BRDA:18,11,0,0
BRDA:18,11,1,0
BRDA:18,12,0,0
BRDA:18,12,1,0
BRDA:18,13,0,0
BRDA:18,13,1,0
BRDA:18,14,0,0
BRDA:18,14,1,0
BRDA:19,15,0,0
BRDA:19,15,1,356
BRDA:20,16,0,178
BRDA:20,16,1,178
BRDA:20,16,2,89
BRDA:20,16,3,0
BRDA:20,16,4,0
BRDA:20,16,5,89
BRDA:26,17,0,89
BRDA:26,17,1,0
BRDA:26,18,0,89
BRDA:26,18,1,89
BRDA:26,18,2,89
BRDA:26,19,0,89
BRDA:26,19,1,0
BRDA:27,20,0,0
BRDA:27,20,1,0
BRDA:27,21,0,0
BRDA:27,21,1,0
BRDA:27,21,2,0
BRDA:27,21,3,0
BRDA:28,22,0,0
BRDA:28,22,1,0
BRDA:28,23,0,0
BRDA:28,23,1,0
BRDA:29,24,0,0
BRDA:29,24,1,0
BRDA:29,25,0,0
BRDA:29,25,1,0
BRDA:30,26,0,0
BRDA:30,26,1,0
BRDA:35,27,0,0
BRDA:35,27,1,89
BRDA:35,28,0,89
BRDA:35,28,1,0
BRDA:46,29,0,12
BRDA:46,29,1,12
BRDA:58,30,0,55
BRDA:58,30,1,55
BRDA:74,31,0,4
BRDA:74,31,1,4
BRDA:78,32,0,0
BRDA:78,32,1,4
BRDA:90,33,0,0
BRDA:90,33,1,0
BRDA:94,34,0,0
BRDA:94,34,1,0
BRDA:105,35,0,14
BRDA:105,35,1,14
BRDA:119,36,0,4
BRDA:119,36,1,4
BRDA:123,37,0,0
BRDA:123,37,1,4
BRF:86
BRH:43
end_of_record
TN:
SF:dist\bin\DB\users.table.js
FN:2,(anonymous_0)
FN:3,adopt
FN:3,(anonymous_2)
FN:4,(anonymous_3)
FN:5,fulfilled
FN:6,rejected
FN:7,step
FN:11,(anonymous_7)
FN:12,(anonymous_8)
FN:13,(anonymous_9)
FN:14,verb
FN:14,(anonymous_11)
FN:15,step
FN:43,queryAllProjects
FN:44,(anonymous_14)
FN:45,(anonymous_15)
FN:54,insertUser
FN:55,(anonymous_17)
FN:57,(anonymous_18)
FN:70,queryUser
FN:71,(anonymous_20)
FN:73,(anonymous_21)
FN:88,deleteUser
FN:89,(anonymous_23)
FN:91,(anonymous_24)
FNF:25
FNH:16
FNDA:67,(anonymous_0)
FNDA:67,adopt
FNDA:0,(anonymous_2)
FNDA:67,(anonymous_3)
FNDA:67,fulfilled
FNDA:0,rejected
FNDA:133,step
FNDA:67,(anonymous_7)
FNDA:67,(anonymous_8)
FNDA:0,(anonymous_9)
FNDA:201,verb
FNDA:134,(anonymous_11)
FNDA:134,step
FNDA:0,queryAllProjects
FNDA:0,(anonymous_14)
FNDA:0,(anonymous_15)
FNDA:64,insertUser
FNDA:64,(anonymous_17)
FNDA:128,(anonymous_18)
FNDA:3,queryUser
FNDA:3,(anonymous_20)
FNDA:6,(anonymous_21)
FNDA:0,deleteUser
FNDA:0,(anonymous_23)
FNDA:0,(anonymous_24)
DA:2,1
DA:3,67
DA:4,67
DA:5,67
DA:6,0
DA:7,133
DA:8,67
DA:11,1
DA:12,67
DA:13,67
DA:14,201
DA:16,134
DA:17,268
DA:18,268
DA:19,268
DA:20,268
DA:21,134
DA:22,67
DA:23,0
DA:24,0
DA:26,67
DA:27,0
DA:28,0
DA:29,0
DA:30,0
DA:31,0
DA:33,134
DA:34,268
DA:35,67
DA:38,1
DA:39,1
DA:40,1
DA:41,1
DA:42,1
DA:44,0
DA:45,0
DA:46,0
DA:47,0
DA:48,0
DA:53,1
DA:55,64
DA:57,64
DA:58,128
DA:60,64
DA:61,64
DA:63,64
DA:64,64
DA:69,1
DA:71,3
DA:73,3
DA:74,6
DA:75,3
DA:77,3
DA:78,3
DA:79,1
DA:81,2
DA:82,0
DA:87,1
DA:89,0
DA:91,0
DA:92,0
DA:93,0
DA:95,0
DA:96,0
DA:97,0
DA:98,0
DA:103,1
LF:67
LH:45
BRDA:2,0,0,1
BRDA:2,0,1,1
BRDA:2,0,2,1
BRDA:3,1,0,67
BRDA:3,1,1,0
BRDA:4,2,0,67
BRDA:4,2,1,67
BRDA:7,3,0,66
BRDA:7,3,1,67
BRDA:8,4,0,67
BRDA:8,4,1,67
BRDA:11,5,0,1
BRDA:11,5,1,1
BRDA:11,5,2,1
BRDA:12,6,0,0
BRDA:12,6,1,67
BRDA:13,7,0,67
BRDA:13,7,1,67
BRDA:16,8,0,0
BRDA:16,8,1,134
BRDA:18,9,0,0
BRDA:18,9,1,268
BRDA:18,10,0,268
BRDA:18,10,1,0
BRDA:18,10,2,0
BRDA:18,11,0,0
BRDA:18,11,1,0
BRDA:18,12,0,0
BRDA:18,12,1,0
BRDA:18,13,0,0
BRDA:18,13,1,0
BRDA:18,14,0,0
BRDA:18,14,1,0
BRDA:19,15,0,0
BRDA:19,15,1,268
BRDA:20,16,0,134
BRDA:20,16,1,134
BRDA:20,16,2,67
BRDA:20,16,3,0
BRDA:20,16,4,0
BRDA:20,16,5,67
BRDA:26,17,0,67
BRDA:26,17,1,0
BRDA:26,18,0,67
BRDA:26,18,1,67
BRDA:26,18,2,66
BRDA:26,19,0,67
BRDA:26,19,1,0
BRDA:27,20,0,0
BRDA:27,20,1,0
BRDA:27,21,0,0
BRDA:27,21,1,0
BRDA:27,21,2,0
BRDA:27,21,3,0
BRDA:28,22,0,0
BRDA:28,22,1,0
BRDA:28,23,0,0
BRDA:28,23,1,0
BRDA:29,24,0,0
BRDA:29,24,1,0
BRDA:29,25,0,0
BRDA:29,25,1,0
BRDA:30,26,0,0
BRDA:30,26,1,0
BRDA:35,27,0,1
BRDA:35,27,1,66
BRDA:35,28,0,66
BRDA:35,28,1,0
BRDA:46,29,0,0
BRDA:46,29,1,0
BRDA:58,30,0,64
BRDA:58,30,1,64
BRDA:74,31,0,3
BRDA:74,31,1,3
BRDA:78,32,0,1
BRDA:78,32,1,2
BRDA:81,33,0,2
BRDA:81,33,1,0
BRDA:92,34,0,0
BRDA:92,34,1,0
BRDA:96,35,0,0
BRDA:96,35,1,0
BRF:82
BRH:39
end_of_record
TN:
SF:dist\bin\db\mysql.js
FN:2,(anonymous_0)
FN:4,(anonymous_1)
FN:5,(anonymous_2)
FN:9,(anonymous_3)
FN:11,(anonymous_4)
FN:14,(anonymous_5)
FN:21,(anonymous_6)
FN:22,adopt
FN:22,(anonymous_8)
FN:23,(anonymous_9)
FN:24,fulfilled
FN:25,rejected
FN:26,step
FN:30,(anonymous_13)
FN:31,(anonymous_14)
FN:32,(anonymous_15)
FN:33,verb
FN:33,(anonymous_17)
FN:34,step
FN:68,(anonymous_19)
FN:73,executeQuery
FN:74,(anonymous_21)
FN:75,(anonymous_22)
FN:76,(anonymous_23)
FN:77,(anonymous_24)
FN:88,startTransaction
FN:89,(anonymous_26)
FN:90,(anonymous_27)
FN:101,commitTransaction
FN:102,(anonymous_29)
FN:103,(anonymous_30)
FN:114,rollbackTransaction
FN:115,(anonymous_32)
FN:116,(anonymous_33)
FNF:34
FNH:17
FNDA:8,(anonymous_0)
FNDA:1,(anonymous_1)
FNDA:0,(anonymous_2)
FNDA:1,(anonymous_3)
FNDA:0,(anonymous_4)
FNDA:1,(anonymous_5)
FNDA:616,(anonymous_6)
FNDA:0,adopt
FNDA:0,(anonymous_8)
FNDA:616,(anonymous_9)
FNDA:0,fulfilled
FNDA:0,rejected
FNDA:616,step
FNDA:616,(anonymous_13)
FNDA:0,(anonymous_14)
FNDA:0,(anonymous_15)
FNDA:1848,verb
FNDA:616,(anonymous_17)
FNDA:616,step
FNDA:1,(anonymous_19)
FNDA:616,executeQuery
FNDA:616,(anonymous_21)
FNDA:616,(anonymous_22)
FNDA:616,(anonymous_23)
FNDA:616,(anonymous_24)
FNDA:0,startTransaction
FNDA:0,(anonymous_26)
FNDA:0,(anonymous_27)
FNDA:0,commitTransaction
FNDA:0,(anonymous_29)
FNDA:0,(anonymous_30)
FNDA:0,rollbackTransaction
FNDA:0,(anonymous_32)
FNDA:0,(anonymous_33)
DA:2,1
DA:3,8
DA:4,8
DA:6,0
DA:7,0
DA:9,1
DA:10,1
DA:12,0
DA:14,1
DA:15,1
DA:16,1
DA:17,8
DA:18,1
DA:19,1
DA:21,1
DA:22,0
DA:23,616
DA:24,0
DA:25,0
DA:26,616
DA:27,616
DA:30,1
DA:31,616
DA:32,616
DA:33,1848
DA:35,616
DA:36,1232
DA:37,1232
DA:38,1232
DA:39,1232
DA:40,616
DA:41,0
DA:42,0
DA:43,0
DA:45,616
DA:46,0
DA:47,0
DA:48,0
DA:49,0
DA:50,0
DA:52,616
DA:53,1232
DA:54,616
DA:57,1
DA:58,1
DA:59,1
DA:60,1
DA:61,1
DA:62,1
DA:68,1
DA:69,1
DA:70,0
DA:71,1
DA:74,616
DA:75,616
DA:76,616
DA:77,616
DA:78,616
DA:79,0
DA:81,616
DA:87,1
DA:89,0
DA:90,0
DA:91,0
DA:92,0
DA:94,0
DA:95,0
DA:100,1
DA:102,0
DA:103,0
DA:104,0
DA:105,0
DA:107,0
DA:108,0
DA:113,1
DA:115,0
DA:116,0
DA:117,0
DA:118,0
DA:120,0
DA:121,0
DA:126,1
LF:82
LH:48
BRDA:2,0,0,1
BRDA:2,0,1,1
BRDA:2,0,2,1
BRDA:2,1,0,1
BRDA:2,1,1,0
BRDA:3,2,0,8
BRDA:3,2,1,0
BRDA:6,3,0,0
BRDA:6,3,1,0
BRDA:9,4,0,1
BRDA:9,4,1,1
BRDA:9,4,2,1
BRDA:9,5,0,1
BRDA:9,5,1,0
BRDA:14,6,0,1
BRDA:14,6,1,1
BRDA:14,6,2,1
BRDA:15,7,0,0
BRDA:15,7,1,1
BRDA:15,8,0,1
BRDA:15,8,1,1
BRDA:17,9,0,1
BRDA:17,9,1,0
BRDA:17,10,0,8
BRDA:17,10,1,0
BRDA:17,11,0,8
BRDA:17,11,1,8
BRDA:21,12,0,1
BRDA:21,12,1,1
BRDA:21,12,2,1
BRDA:22,13,0,0
BRDA:22,13,1,0
BRDA:23,14,0,616
BRDA:23,14,1,616
BRDA:26,15,0,616
BRDA:26,15,1,0
BRDA:27,16,0,616
BRDA:27,16,1,616
BRDA:30,17,0,1
BRDA:30,17,1,1
BRDA:30,17,2,1
BRDA:31,18,0,0
BRDA:31,18,1,0
BRDA:32,19,0,616
BRDA:32,19,1,616
BRDA:35,20,0,0
BRDA:35,20,1,616
BRDA:37,21,0,0
BRDA:37,21,1,1232
BRDA:37,22,0,1232
BRDA:37,22,1,0
BRDA:37,22,2,0
BRDA:37,23,0,0
BRDA:37,23,1,0
BRDA:37,24,0,0
BRDA:37,24,1,0
BRDA:37,25,0,0
BRDA:37,25,1,0
BRDA:37,26,0,0
BRDA:37,26,1,0
BRDA:38,27,0,0
BRDA:38,27,1,1232
BRDA:39,28,0,616
BRDA:39,28,1,616
BRDA:39,28,2,0
BRDA:39,28,3,0
BRDA:39,28,4,0
BRDA:39,28,5,616
BRDA:45,29,0,616
BRDA:45,29,1,0
BRDA:45,30,0,616
BRDA:45,30,1,616
BRDA:45,30,2,616
BRDA:45,31,0,616
BRDA:45,31,1,0
BRDA:46,32,0,0
BRDA:46,32,1,0
BRDA:46,33,0,0
BRDA:46,33,1,0
BRDA:46,33,2,0
BRDA:46,33,3,0
BRDA:47,34,0,0
BRDA:47,34,1,0
BRDA:47,35,0,0
BRDA:47,35,1,0
BRDA:48,36,0,0
BRDA:48,36,1,0
BRDA:48,37,0,0
BRDA:48,37,1,0
BRDA:49,38,0,0
BRDA:49,38,1,0
BRDA:54,39,0,0
BRDA:54,39,1,616
BRDA:54,40,0,616
BRDA:54,40,1,0
BRDA:69,41,0,0
BRDA:69,41,1,1
BRDA:78,42,0,0
BRDA:78,42,1,616
BRDA:91,43,0,0
BRDA:91,43,1,0
BRDA:104,44,0,0
BRDA:104,44,1,0
BRDA:117,45,0,0
BRDA:117,45,1,0
BRF:105
BRH:48
end_of_record
TN:
SF:dist\bin\utils\error-messages.js
FN:14,error
FNF:1
FNH:1
FNDA:44,error
DA:2,1
DA:3,1
DA:4,1
DA:5,1
DA:6,1
DA:7,1
DA:8,1
DA:9,1
DA:10,1
DA:11,1
DA:12,1
DA:13,1
DA:15,44
DA:20,1
LF:14
LH:14
BRF:0
BRH:0
end_of_record
TN:
SF:dist\bin\utils\generate-id.js
FN:4,generateId
FNF:1
FNH:1
FNDA:394,generateId
DA:2,1
DA:3,1
DA:5,394
DA:7,1
LF:4
LH:4
BRF:0
BRH:0
end_of_record
TN:
SF:dist\controller\authController.js
FN:2,(anonymous_0)
FN:4,(anonymous_1)
FN:5,(anonymous_2)
FN:9,(anonymous_3)
FN:11,(anonymous_4)
FN:14,(anonymous_5)
FN:21,(anonymous_6)
FN:22,adopt
FN:22,(anonymous_8)
FN:23,(anonymous_9)
FN:24,fulfilled
FN:25,rejected
FN:26,step
FN:30,(anonymous_13)
FN:31,(anonymous_14)
FN:32,(anonymous_15)
FN:33,verb
FN:33,(anonymous_17)
FN:34,step
FN:65,authController
FN:66,(anonymous_20)
FN:68,(anonymous_21)
FN:78,(anonymous_22)
FN:78,(anonymous_23)
FN:80,(anonymous_24)
FNF:25
FNH:21
FNDA:6,(anonymous_0)
FNDA:45,(anonymous_1)
FNDA:0,(anonymous_2)
FNDA:1,(anonymous_3)
FNDA:0,(anonymous_4)
FNDA:1,(anonymous_5)
FNDA:4,(anonymous_6)
FNDA:3,adopt
FNDA:0,(anonymous_8)
FNDA:4,(anonymous_9)
FNDA:2,fulfilled
FNDA:1,rejected
FNDA:7,step
FNDA:4,(anonymous_13)
FNDA:4,(anonymous_14)
FNDA:0,(anonymous_15)
FNDA:12,verb
FNDA:7,(anonymous_17)
FNDA:7,step
FNDA:1,authController
FNDA:1,(anonymous_20)
FNDA:1,(anonymous_21)
FNDA:3,(anonymous_22)
FNDA:3,(anonymous_23)
FNDA:7,(anonymous_24)
DA:2,1
DA:3,6
DA:4,45
DA:6,0
DA:7,0
DA:9,1
DA:10,1
DA:12,0
DA:14,1
DA:15,1
DA:16,1
DA:17,6
DA:18,1
DA:19,1
DA:21,1
DA:22,3
DA:23,4
DA:24,2
DA:25,1
DA:26,7
DA:27,4
DA:30,1
DA:31,4
DA:32,4
DA:33,12
DA:35,7
DA:36,18
DA:37,18
DA:38,18
DA:39,18
DA:40,7
DA:41,3
DA:42,0
DA:43,0
DA:45,8
DA:46,4
DA:47,4
DA:48,3
DA:49,3
DA:50,3
DA:52,8
DA:53,18
DA:54,4
DA:57,1
DA:58,1
DA:59,1
DA:60,1
DA:61,1
DA:62,1
DA:63,1
DA:64,1
DA:66,1
DA:67,1
DA:68,1
DA:69,1
DA:78,3
DA:80,3
DA:81,7
DA:83,3
DA:84,3
DA:85,3
DA:87,3
DA:88,2
DA:89,2
DA:98,1
DA:99,1
DA:100,1
DA:101,1
DA:102,0
DA:103,0
DA:108,1
DA:112,1
LF:72
LH:65
BRDA:2,0,0,1
BRDA:2,0,1,1
BRDA:2,0,2,1
BRDA:2,1,0,1
BRDA:2,1,1,0
BRDA:3,2,0,6
BRDA:3,2,1,0
BRDA:6,3,0,0
BRDA:6,3,1,0
BRDA:9,4,0,1
BRDA:9,4,1,1
BRDA:9,4,2,1
BRDA:9,5,0,1
BRDA:9,5,1,0
BRDA:14,6,0,1
BRDA:14,6,1,1
BRDA:14,6,2,1
BRDA:15,7,0,0
BRDA:15,7,1,1
BRDA:15,8,0,1
BRDA:15,8,1,1
BRDA:17,9,0,1
BRDA:17,9,1,0
BRDA:17,10,0,6
BRDA:17,10,1,0
BRDA:17,11,0,6
BRDA:17,11,1,6
BRDA:21,12,0,1
BRDA:21,12,1,1
BRDA:21,12,2,1
BRDA:22,13,0,3
BRDA:22,13,1,0
BRDA:23,14,0,4
BRDA:23,14,1,4
BRDA:26,15,0,4
BRDA:26,15,1,3
BRDA:27,16,0,4
BRDA:27,16,1,4
BRDA:30,17,0,1
BRDA:30,17,1,1
BRDA:30,17,2,1
BRDA:31,18,0,1
BRDA:31,18,1,3
BRDA:32,19,0,4
BRDA:32,19,1,4
BRDA:35,20,0,0
BRDA:35,20,1,7
BRDA:37,21,0,0
BRDA:37,21,1,18
BRDA:37,22,0,18
BRDA:37,22,1,0
BRDA:37,22,2,0
BRDA:37,23,0,0
BRDA:37,23,1,0
BRDA:37,24,0,0
BRDA:37,24,1,0
BRDA:37,25,0,0
BRDA:37,25,1,0
BRDA:37,26,0,0
BRDA:37,26,1,0
BRDA:38,27,0,0
BRDA:38,27,1,18
BRDA:39,28,0,6
BRDA:39,28,1,7
BRDA:39,28,2,3
BRDA:39,28,3,0
BRDA:39,28,4,0
BRDA:39,28,5,8
BRDA:45,29,0,4
BRDA:45,29,1,4
BRDA:45,30,0,8
BRDA:45,30,1,4
BRDA:45,30,2,4
BRDA:45,31,0,8
BRDA:45,31,1,4
BRDA:46,32,0,0
BRDA:46,32,1,4
BRDA:46,33,0,4
BRDA:46,33,1,0
BRDA:46,33,2,0
BRDA:46,33,3,0
BRDA:47,34,0,1
BRDA:47,34,1,3
BRDA:47,35,0,4
BRDA:47,35,1,1
BRDA:48,36,0,0
BRDA:48,36,1,3
BRDA:48,37,0,3
BRDA:48,37,1,3
BRDA:49,38,0,0
BRDA:49,38,1,3
BRDA:54,39,0,0
BRDA:54,39,1,4
BRDA:54,40,0,4
BRDA:54,40,1,0
BRDA:81,41,0,3
BRDA:81,41,1,3
BRDA:81,41,2,1
BRDA:81,41,3,0
BRDA:100,42,0,1
BRDA:100,42,1,0
BRF:101
BRH:67
end_of_record
TN:
SF:dist\controller\projectsController.js
FN:2,(anonymous_0)
FN:3,(anonymous_1)
FN:13,(anonymous_2)
FN:15,(anonymous_3)
FN:16,(anonymous_4)
FN:20,(anonymous_5)
FN:22,(anonymous_6)
FN:25,(anonymous_7)
FN:32,(anonymous_8)
FN:33,adopt
FN:33,(anonymous_10)
FN:34,(anonymous_11)
FN:35,fulfilled
FN:36,rejected
FN:37,step
FN:41,(anonymous_15)
FN:42,(anonymous_16)
FN:43,(anonymous_17)
FN:44,verb
FN:44,(anonymous_19)
FN:45,step
FN:96,projectsController
FN:97,(anonymous_22)
FN:99,(anonymous_23)
FN:110,(anonymous_24)
FN:110,(anonymous_25)
FN:112,(anonymous_26)
FN:195,(anonymous_27)
FN:196,(anonymous_28)
FN:198,(anonymous_29)
FN:226,(anonymous_30)
FN:227,(anonymous_31)
FN:229,(anonymous_32)
FN:286,(anonymous_33)
FN:287,(anonymous_34)
FN:289,(anonymous_35)
FN:325,(anonymous_36)
FN:326,(anonymous_37)
FN:328,(anonymous_38)
FN:365,(anonymous_39)
FN:367,(anonymous_40)
FN:369,(anonymous_41)
FN:408,(anonymous_42)
FN:410,(anonymous_43)
FN:412,(anonymous_44)
FNF:45
FNH:38
FNDA:1,(anonymous_0)
FNDA:0,(anonymous_1)
FNDA:18,(anonymous_2)
FNDA:232,(anonymous_3)
FNDA:0,(anonymous_4)
FNDA:3,(anonymous_5)
FNDA:0,(anonymous_6)
FNDA:3,(anonymous_7)
FNDA:73,(anonymous_8)
FNDA:517,adopt
FNDA:60,(anonymous_10)
FNDA:73,(anonymous_11)
FNDA:512,fulfilled
FNDA:5,rejected
FNDA:590,step
FNDA:73,(anonymous_15)
FNDA:522,(anonymous_16)
FNDA:0,(anonymous_17)
FNDA:219,verb
FNDA:590,(anonymous_19)
FNDA:590,step
FNDA:1,projectsController
FNDA:1,(anonymous_22)
FNDA:1,(anonymous_23)
FNDA:51,(anonymous_24)
FNDA:51,(anonymous_25)
FNDA:792,(anonymous_26)
FNDA:0,(anonymous_27)
FNDA:0,(anonymous_28)
FNDA:0,(anonymous_29)
FNDA:7,(anonymous_30)
FNDA:7,(anonymous_31)
FNDA:46,(anonymous_32)
FNDA:3,(anonymous_33)
FNDA:3,(anonymous_34)
FNDA:13,(anonymous_35)
FNDA:3,(anonymous_36)
FNDA:3,(anonymous_37)
FNDA:15,(anonymous_38)
FNDA:4,(anonymous_39)
FNDA:4,(anonymous_40)
FNDA:20,(anonymous_41)
FNDA:4,(anonymous_42)
FNDA:4,(anonymous_43)
FNDA:20,(anonymous_44)
DA:2,1
DA:3,1
DA:4,0
DA:5,0
DA:6,0
DA:7,0
DA:9,0
DA:11,1
DA:13,1
DA:14,18
DA:15,232
DA:17,0
DA:18,0
DA:20,1
DA:21,3
DA:23,0
DA:25,1
DA:26,3
DA:27,3
DA:28,18
DA:29,3
DA:30,3
DA:32,1
DA:33,517
DA:34,73
DA:35,512
DA:36,5
DA:37,590
DA:38,73
DA:41,1
DA:42,522
DA:43,73
DA:44,590
DA:46,590
DA:47,1569
DA:48,1569
DA:49,1569
DA:50,1569
DA:51,590
DA:52,517
DA:53,0
DA:54,0
DA:56,462
DA:57,389
DA:58,77
DA:59,72
DA:60,72
DA:61,72
DA:63,907
DA:64,1569
DA:65,73
DA:68,1
DA:69,1
DA:70,1
DA:71,1
DA:72,1
DA:73,1
DA:74,1
DA:75,1
DA:76,1
DA:77,1
DA:78,1
DA:79,1
DA:80,1
DA:81,1
DA:88,1
DA:97,1
DA:98,1
DA:99,1
DA:100,1
DA:110,51
DA:112,51
DA:113,792
DA:115,51
DA:116,51
DA:118,51
DA:119,51
DA:120,51
DA:122,51
DA:123,51
DA:125,51
DA:126,51
DA:127,51
DA:128,51
DA:129,51
DA:131,99
DA:132,51
DA:133,51
DA:134,51
DA:136,51
DA:137,51
DA:138,51
DA:139,51
DA:141,147
DA:142,99
DA:143,99
DA:144,99
DA:146,99
DA:147,96
DA:148,96
DA:150,96
DA:151,96
DA:153,48
DA:154,48
DA:156,48
DA:157,48
DA:158,48
DA:160,48
DA:161,48
DA:163,48
DA:164,48
DA:166,48
DA:167,48
DA:169,3
DA:170,3
DA:172,3
DA:173,3
DA:174,3
DA:175,3
DA:176,0
DA:177,48
DA:182,1
DA:196,0
DA:198,0
DA:199,0
DA:201,0
DA:202,0
DA:204,0
DA:205,0
DA:207,0
DA:208,0
DA:209,0
DA:210,0
DA:216,1
DA:227,7
DA:229,7
DA:230,46
DA:232,7
DA:233,7
DA:234,7
DA:236,7
DA:237,7
DA:239,7
DA:240,7
DA:242,7
DA:243,7
DA:244,1
DA:245,6
DA:246,6
DA:247,6
DA:248,6
DA:250,12
DA:251,6
DA:252,6
DA:253,6
DA:254,6
DA:256,6
DA:257,6
DA:259,6
DA:260,6
DA:262,6
DA:263,6
DA:264,6
DA:266,0
DA:267,0
DA:268,0
DA:269,0
DA:275,1
DA:287,3
DA:289,3
DA:290,13
DA:292,3
DA:293,3
DA:294,3
DA:296,3
DA:297,3
DA:299,3
DA:300,1
DA:302,1
DA:303,1
DA:305,2
DA:306,2
DA:307,2
DA:308,2
DA:309,0
DA:310,1
DA:316,1
DA:326,3
DA:328,3
DA:329,15
DA:331,3
DA:332,3
DA:333,3
DA:335,3
DA:336,3
DA:338,3
DA:339,3
DA:341,3
DA:342,3
DA:344,0
DA:345,0
DA:346,0
DA:347,0
DA:348,0
DA:349,3
DA:355,1
DA:367,4
DA:369,4
DA:370,20
DA:372,4
DA:373,4
DA:374,4
DA:375,4
DA:377,4
DA:378,4
DA:380,4
DA:381,4
DA:383,4
DA:384,4
DA:386,0
DA:387,0
DA:388,0
DA:389,0
DA:390,0
DA:391,0
DA:392,0
DA:393,4
DA:399,1
DA:410,4
DA:412,4
DA:413,20
DA:415,4
DA:416,4
DA:418,4
DA:419,4
DA:421,4
DA:422,4
DA:424,4
DA:425,4
DA:427,4
DA:428,4
DA:430,0
DA:431,0
DA:432,0
DA:433,0
DA:434,0
DA:435,0
DA:436,0
DA:437,0
DA:438,4
DA:444,1
DA:448,1
LF:252
LH:205
BRDA:2,0,0,1
BRDA:2,0,1,1
BRDA:2,0,2,1
BRDA:3,1,0,1
BRDA:3,1,1,0
BRDA:6,2,0,0
BRDA:6,2,1,0
BRDA:13,3,0,1
BRDA:13,3,1,1
BRDA:13,3,2,1
BRDA:13,4,0,1
BRDA:13,4,1,0
BRDA:14,5,0,18
BRDA:14,5,1,0
BRDA:17,6,0,0
BRDA:17,6,1,0
BRDA:20,7,0,1
BRDA:20,7,1,1
BRDA:20,7,2,1
BRDA:20,8,0,1
BRDA:20,8,1,0
BRDA:25,9,0,1
BRDA:25,9,1,1
BRDA:25,9,2,1
BRDA:26,10,0,0
BRDA:26,10,1,3
BRDA:26,11,0,3
BRDA:26,11,1,3
BRDA:28,12,0,3
BRDA:28,12,1,0
BRDA:28,13,0,18
BRDA:28,13,1,0
BRDA:28,14,0,18
BRDA:28,14,1,18
BRDA:32,15,0,1
BRDA:32,15,1,1
BRDA:32,15,2,1
BRDA:33,16,0,457
BRDA:33,16,1,60
BRDA:34,17,0,73
BRDA:34,17,1,73
BRDA:37,18,0,73
BRDA:37,18,1,517
BRDA:38,19,0,73
BRDA:38,19,1,73
BRDA:41,20,0,1
BRDA:41,20,1,1
BRDA:41,20,2,1
BRDA:42,21,0,5
BRDA:42,21,1,517
BRDA:43,22,0,73
BRDA:43,22,1,73
BRDA:46,23,0,0
BRDA:46,23,1,590
BRDA:48,24,0,0
BRDA:48,24,1,1569
BRDA:48,25,0,1569
BRDA:48,25,1,0
BRDA:48,25,2,0
BRDA:48,26,0,0
BRDA:48,26,1,0
BRDA:48,27,0,0
BRDA:48,27,1,0
BRDA:48,28,0,0
BRDA:48,28,1,0
BRDA:48,29,0,0
BRDA:48,29,1,0
BRDA:49,30,0,0
BRDA:49,30,1,1569
BRDA:50,31,0,585
BRDA:50,31,1,590
BRDA:50,31,2,517
BRDA:50,31,3,0
BRDA:50,31,4,0
BRDA:50,31,5,462
BRDA:56,32,0,73
BRDA:56,32,1,389
BRDA:56,33,0,462
BRDA:56,33,1,133
BRDA:56,33,2,133
BRDA:56,34,0,462
BRDA:56,34,1,329
BRDA:57,35,0,312
BRDA:57,35,1,77
BRDA:57,36,0,389
BRDA:57,36,1,372
BRDA:57,36,2,312
BRDA:57,36,3,312
BRDA:58,37,0,5
BRDA:58,37,1,72
BRDA:58,38,0,77
BRDA:58,38,1,5
BRDA:59,39,0,0
BRDA:59,39,1,72
BRDA:59,40,0,72
BRDA:59,40,1,72
BRDA:60,41,0,0
BRDA:60,41,1,72
BRDA:65,42,0,0
BRDA:65,42,1,73
BRDA:65,43,0,73
BRDA:65,43,1,0
BRDA:113,44,0,51
BRDA:113,44,1,51
BRDA:113,44,2,51
BRDA:113,44,3,51
BRDA:113,44,4,99
BRDA:113,44,5,51
BRDA:113,44,6,147
BRDA:113,44,7,99
BRDA:113,44,8,96
BRDA:113,44,9,48
BRDA:113,44,10,48
BRDA:113,44,11,48
BRDA:113,44,12,48
BRDA:113,44,13,48
BRDA:113,44,14,48
BRDA:113,44,15,3
BRDA:113,44,16,3
BRDA:113,44,17,48
BRDA:127,45,0,0
BRDA:127,45,1,51
BRDA:131,46,0,48
BRDA:131,46,1,51
BRDA:137,47,0,0
BRDA:137,47,1,51
BRDA:141,48,0,48
BRDA:141,48,1,99
BRDA:174,49,0,3
BRDA:174,49,1,0
BRDA:199,50,0,0
BRDA:199,50,1,0
BRDA:199,50,2,0
BRDA:199,50,3,0
BRDA:230,51,0,7
BRDA:230,51,1,7
BRDA:230,51,2,7
BRDA:230,51,3,7
BRDA:230,51,4,12
BRDA:230,51,5,6
BRDA:230,51,6,6
BRDA:230,51,7,6
BRDA:230,51,8,6
BRDA:230,51,9,0
BRDA:230,51,10,0
BRDA:243,52,0,1
BRDA:243,52,1,6
BRDA:245,53,0,0
BRDA:245,53,1,6
BRDA:250,54,0,6
BRDA:250,54,1,6
BRDA:252,55,0,0
BRDA:252,55,1,6
BRDA:290,56,0,3
BRDA:290,56,1,3
BRDA:290,56,2,3
BRDA:290,56,3,1
BRDA:290,56,4,2
BRDA:290,56,5,1
BRDA:307,57,0,2
BRDA:307,57,1,0
BRDA:329,58,0,3
BRDA:329,58,1,3
BRDA:329,58,2,3
BRDA:329,58,3,3
BRDA:329,58,4,0
BRDA:329,58,5,3
BRDA:346,59,0,0
BRDA:346,59,1,0
BRDA:370,60,0,4
BRDA:370,60,1,4
BRDA:370,60,2,4
BRDA:370,60,3,4
BRDA:370,60,4,0
BRDA:370,60,5,4
BRDA:388,61,0,0
BRDA:388,61,1,0
BRDA:388,62,0,0
BRDA:388,62,1,0
BRDA:388,63,0,0
BRDA:388,63,1,0
BRDA:388,64,0,0
BRDA:388,64,1,0
BRDA:390,65,0,0
BRDA:390,65,1,0
BRDA:413,66,0,4
BRDA:413,66,1,4
BRDA:413,66,2,4
BRDA:413,66,3,4
BRDA:413,66,4,4
BRDA:413,66,5,0
BRDA:413,66,6,4
BRDA:433,67,0,0
BRDA:433,67,1,0
BRDA:433,68,0,0
BRDA:433,68,1,0
BRDA:433,69,0,0
BRDA:433,69,1,0
BRDA:433,70,0,0
BRDA:433,70,1,0
BRDA:435,71,0,0
BRDA:435,71,1,0
BRF:202
BRH:135
end_of_record
TN:
SF:dist\controller\suppliesController.js
FN:2,(anonymous_0)
FN:4,(anonymous_1)
FN:5,(anonymous_2)
FN:9,(anonymous_3)
FN:11,(anonymous_4)
FN:14,(anonymous_5)
FN:21,(anonymous_6)
FN:22,adopt
FN:22,(anonymous_8)
FN:23,(anonymous_9)
FN:24,fulfilled
FN:25,rejected
FN:26,step
FN:30,(anonymous_13)
FN:31,(anonymous_14)
FN:32,(anonymous_15)
FN:33,verb
FN:33,(anonymous_17)
FN:34,step
FN:70,suppliesController
FN:71,(anonymous_20)
FN:73,(anonymous_21)
FN:84,(anonymous_22)
FN:84,(anonymous_23)
FN:86,(anonymous_24)
FN:119,(anonymous_25)
FN:119,(anonymous_26)
FN:121,(anonymous_27)
FN:141,(anonymous_28)
FN:141,(anonymous_29)
FN:143,(anonymous_30)
FN:173,(anonymous_31)
FN:173,(anonymous_32)
FN:175,(anonymous_33)
FN:207,(anonymous_34)
FN:208,(anonymous_35)
FN:210,(anonymous_36)
FNF:37
FNH:34
FNDA:6,(anonymous_0)
FNDA:245,(anonymous_1)
FNDA:0,(anonymous_2)
FNDA:1,(anonymous_3)
FNDA:0,(anonymous_4)
FNDA:1,(anonymous_5)
FNDA:132,(anonymous_6)
FNDA:135,adopt
FNDA:4,(anonymous_8)
FNDA:132,(anonymous_9)
FNDA:133,fulfilled
FNDA:2,rejected
FNDA:267,step
FNDA:132,(anonymous_13)
FNDA:137,(anonymous_14)
FNDA:0,(anonymous_15)
FNDA:396,verb
FNDA:267,(anonymous_17)
FNDA:267,step
FNDA:1,suppliesController
FNDA:1,(anonymous_20)
FNDA:1,(anonymous_21)
FNDA:118,(anonymous_22)
FNDA:118,(anonymous_23)
FNDA:236,(anonymous_24)
FNDA:2,(anonymous_25)
FNDA:2,(anonymous_26)
FNDA:4,(anonymous_27)
FNDA:5,(anonymous_28)
FNDA:5,(anonymous_29)
FNDA:10,(anonymous_30)
FNDA:3,(anonymous_31)
FNDA:3,(anonymous_32)
FNDA:11,(anonymous_33)
FNDA:3,(anonymous_34)
FNDA:3,(anonymous_35)
FNDA:11,(anonymous_36)
DA:2,1
DA:3,6
DA:4,245
DA:6,0
DA:7,0
DA:9,1
DA:10,1
DA:12,0
DA:14,1
DA:15,1
DA:16,1
DA:17,6
DA:18,1
DA:19,1
DA:21,1
DA:22,135
DA:23,132
DA:24,133
DA:25,2
DA:26,267
DA:27,132
DA:30,1
DA:31,137
DA:32,132
DA:33,396
DA:35,267
DA:36,669
DA:37,669
DA:38,669
DA:39,669
DA:40,267
DA:41,135
DA:42,0
DA:43,0
DA:45,267
DA:46,135
DA:47,131
DA:48,129
DA:49,129
DA:50,129
DA:52,273
DA:53,669
DA:54,132
DA:57,1
DA:58,1
DA:59,1
DA:60,1
DA:61,1
DA:62,1
DA:63,1
DA:71,1
DA:72,1
DA:73,1
DA:74,1
DA:84,118
DA:86,118
DA:87,236
DA:89,118
DA:90,118
DA:91,118
DA:92,118
DA:94,118
DA:95,118
DA:97,0
DA:98,0
DA:99,0
DA:100,0
DA:105,1
DA:119,2
DA:121,2
DA:122,4
DA:123,2
DA:125,2
DA:126,2
DA:131,1
DA:141,5
DA:143,5
DA:144,10
DA:146,5
DA:147,5
DA:148,5
DA:150,5
DA:151,5
DA:152,2
DA:153,3
DA:155,0
DA:156,0
DA:157,0
DA:158,0
DA:163,1
DA:173,3
DA:175,3
DA:176,11
DA:178,3
DA:179,3
DA:180,3
DA:182,3
DA:183,2
DA:185,2
DA:186,2
DA:188,1
DA:189,1
DA:190,1
DA:191,1
DA:192,0
DA:193,2
DA:198,1
DA:208,3
DA:210,3
DA:211,11
DA:213,3
DA:214,3
DA:215,3
DA:217,3
DA:218,2
DA:220,2
DA:221,2
DA:223,1
DA:224,1
DA:225,1
DA:226,1
DA:227,0
DA:228,2
DA:234,1
DA:238,1
LF:125
LH:110
BRDA:2,0,0,1
BRDA:2,0,1,1
BRDA:2,0,2,1
BRDA:2,1,0,1
BRDA:2,1,1,0
BRDA:3,2,0,6
BRDA:3,2,1,0
BRDA:6,3,0,0
BRDA:6,3,1,0
BRDA:9,4,0,1
BRDA:9,4,1,1
BRDA:9,4,2,1
BRDA:9,5,0,1
BRDA:9,5,1,0
BRDA:14,6,0,1
BRDA:14,6,1,1
BRDA:14,6,2,1
BRDA:15,7,0,0
BRDA:15,7,1,1
BRDA:15,8,0,1
BRDA:15,8,1,1
BRDA:17,9,0,1
BRDA:17,9,1,0
BRDA:17,10,0,6
BRDA:17,10,1,0
BRDA:17,11,0,6
BRDA:17,11,1,6
BRDA:21,12,0,1
BRDA:21,12,1,1
BRDA:21,12,2,1
BRDA:22,13,0,131
BRDA:22,13,1,4
BRDA:23,14,0,132
BRDA:23,14,1,132
BRDA:26,15,0,132
BRDA:26,15,1,135
BRDA:27,16,0,132
BRDA:27,16,1,132
BRDA:30,17,0,1
BRDA:30,17,1,1
BRDA:30,17,2,1
BRDA:31,18,0,2
BRDA:31,18,1,135
BRDA:32,19,0,132
BRDA:32,19,1,132
BRDA:35,20,0,0
BRDA:35,20,1,267
BRDA:37,21,0,0
BRDA:37,21,1,669
BRDA:37,22,0,669
BRDA:37,22,1,0
BRDA:37,22,2,0
BRDA:37,23,0,0
BRDA:37,23,1,0
BRDA:37,24,0,0
BRDA:37,24,1,0
BRDA:37,25,0,0
BRDA:37,25,1,0
BRDA:37,26,0,0
BRDA:37,26,1,0
BRDA:38,27,0,0
BRDA:38,27,1,669
BRDA:39,28,0,265
BRDA:39,28,1,267
BRDA:39,28,2,135
BRDA:39,28,3,0
BRDA:39,28,4,0
BRDA:39,28,5,267
BRDA:45,29,0,132
BRDA:45,29,1,135
BRDA:45,30,0,267
BRDA:45,30,1,136
BRDA:45,30,2,136
BRDA:45,31,0,267
BRDA:45,31,1,131
BRDA:46,32,0,4
BRDA:46,32,1,131
BRDA:46,33,0,135
BRDA:46,33,1,8
BRDA:46,33,2,4
BRDA:46,33,3,4
BRDA:47,34,0,2
BRDA:47,34,1,129
BRDA:47,35,0,131
BRDA:47,35,1,2
BRDA:48,36,0,0
BRDA:48,36,1,129
BRDA:48,37,0,129
BRDA:48,37,1,129
BRDA:49,38,0,0
BRDA:49,38,1,129
BRDA:54,39,0,0
BRDA:54,39,1,132
BRDA:54,40,0,132
BRDA:54,40,1,0
BRDA:87,41,0,118
BRDA:87,41,1,118
BRDA:87,41,2,0
BRDA:87,41,3,0
BRDA:122,42,0,2
BRDA:122,42,1,2
BRDA:144,43,0,5
BRDA:144,43,1,5
BRDA:144,43,2,0
BRDA:144,43,3,0
BRDA:151,44,0,2
BRDA:151,44,1,3
BRDA:176,45,0,3
BRDA:176,45,1,3
BRDA:176,45,2,2
BRDA:176,45,3,1
BRDA:176,45,4,2
BRDA:190,46,0,1
BRDA:190,46,1,0
BRDA:211,47,0,3
BRDA:211,47,1,3
BRDA:211,47,2,2
BRDA:211,47,3,1
BRDA:211,47,4,2
BRDA:225,48,0,1
BRDA:225,48,1,0
BRF:121
BRH:88
end_of_record
TN:
SF:dist\controller\todoController.js
FN:2,(anonymous_0)
FN:4,(anonymous_1)
FN:5,(anonymous_2)
FN:9,(anonymous_3)
FN:11,(anonymous_4)
FN:14,(anonymous_5)
FN:21,(anonymous_6)
FN:22,adopt
FN:22,(anonymous_8)
FN:23,(anonymous_9)
FN:24,fulfilled
FN:25,rejected
FN:26,step
FN:30,(anonymous_13)
FN:31,(anonymous_14)
FN:32,(anonymous_15)
FN:33,verb
FN:33,(anonymous_17)
FN:34,step
FN:82,todoItemsController
FN:83,(anonymous_20)
FN:84,(anonymous_21)
FN:96,(anonymous_22)
FN:98,(anonymous_23)
FN:100,(anonymous_24)
FN:166,(anonymous_25)
FN:167,(anonymous_26)
FN:169,(anonymous_27)
FN:214,(anonymous_28)
FN:215,(anonymous_29)
FN:217,(anonymous_30)
FN:252,(anonymous_31)
FN:253,(anonymous_32)
FN:255,(anonymous_33)
FN:291,(anonymous_34)
FN:292,(anonymous_35)
FN:294,(anonymous_36)
FN:330,(anonymous_37)
FN:331,(anonymous_38)
FN:333,(anonymous_39)
FNF:40
FNH:34
FNDA:6,(anonymous_0)
FNDA:220,(anonymous_1)
FNDA:0,(anonymous_2)
FNDA:1,(anonymous_3)
FNDA:0,(anonymous_4)
FNDA:1,(anonymous_5)
FNDA:24,(anonymous_6)
FNDA:83,adopt
FNDA:8,(anonymous_8)
FNDA:24,(anonymous_9)
FNDA:82,fulfilled
FNDA:1,rejected
FNDA:107,step
FNDA:24,(anonymous_13)
FNDA:84,(anonymous_14)
FNDA:0,(anonymous_15)
FNDA:72,verb
FNDA:107,(anonymous_17)
FNDA:107,step
FNDA:1,todoItemsController
FNDA:1,(anonymous_20)
FNDA:1,(anonymous_21)
FNDA:4,(anonymous_22)
FNDA:4,(anonymous_23)
FNDA:37,(anonymous_24)
FNDA:5,(anonymous_25)
FNDA:5,(anonymous_26)
FNDA:28,(anonymous_27)
FNDA:5,(anonymous_28)
FNDA:5,(anonymous_29)
FNDA:18,(anonymous_30)
FNDA:4,(anonymous_31)
FNDA:4,(anonymous_32)
FNDA:24,(anonymous_33)
FNDA:5,(anonymous_34)
FNDA:5,(anonymous_35)
FNDA:26,(anonymous_36)
FNDA:0,(anonymous_37)
FNDA:0,(anonymous_38)
FNDA:0,(anonymous_39)
DA:2,1
DA:3,6
DA:4,220
DA:6,0
DA:7,0
DA:9,1
DA:10,1
DA:12,0
DA:14,1
DA:15,1
DA:16,1
DA:17,6
DA:18,1
DA:19,1
DA:21,1
DA:22,83
DA:23,24
DA:24,82
DA:25,1
DA:26,107
DA:27,24
DA:30,1
DA:31,84
DA:32,24
DA:33,107
DA:35,107
DA:36,264
DA:37,264
DA:38,264
DA:39,264
DA:40,107
DA:41,83
DA:42,0
DA:43,0
DA:45,74
DA:46,50
DA:47,24
DA:48,23
DA:49,23
DA:50,23
DA:52,134
DA:53,264
DA:54,24
DA:57,1
DA:58,1
DA:59,1
DA:60,1
DA:61,1
DA:62,1
DA:63,1
DA:64,1
DA:65,1
DA:66,1
DA:67,1
DA:74,1
DA:83,1
DA:84,1
DA:85,1
DA:98,4
DA:100,4
DA:101,37
DA:103,4
DA:104,4
DA:105,4
DA:106,4
DA:108,4
DA:109,4
DA:111,4
DA:112,4
DA:113,4
DA:115,4
DA:116,4
DA:117,4
DA:118,4
DA:120,10
DA:121,7
DA:122,7
DA:123,7
DA:125,7
DA:126,6
DA:127,6
DA:129,6
DA:130,6
DA:131,3
DA:133,3
DA:134,3
DA:136,1
DA:137,1
DA:139,1
DA:140,1
DA:141,1
DA:142,0
DA:143,1
DA:144,1
DA:145,0
DA:146,0
DA:152,1
DA:167,5
DA:169,5
DA:170,28
DA:172,5
DA:173,5
DA:174,5
DA:176,5
DA:177,5
DA:179,5
DA:180,5
DA:181,5
DA:183,9
DA:186,4
DA:187,4
DA:191,4
DA:192,4
DA:194,4
DA:195,4
DA:196,5
DA:198,0
DA:199,0
DA:200,0
DA:201,0
DA:207,1
DA:215,5
DA:217,5
DA:218,18
DA:220,5
DA:221,5
DA:222,5
DA:224,5
DA:225,5
DA:226,1
DA:227,4
DA:229,4
DA:230,4
DA:231,4
DA:233,4
DA:234,4
DA:236,0
DA:237,0
DA:238,0
DA:239,0
DA:245,1
DA:253,4
DA:255,4
DA:256,24
DA:258,4
DA:259,4
DA:260,4
DA:262,4
DA:263,4
DA:265,4
DA:266,4
DA:268,4
DA:269,4
DA:271,4
DA:272,4
DA:274,0
DA:275,0
DA:276,0
DA:277,0
DA:278,0
DA:279,4
DA:285,1
DA:292,5
DA:294,5
DA:295,26
DA:297,5
DA:298,5
DA:299,5
DA:301,5
DA:302,5
DA:303,1
DA:304,4
DA:306,4
DA:307,4
DA:309,4
DA:310,4
DA:312,4
DA:313,4
DA:315,0
DA:316,0
DA:317,0
DA:318,4
DA:324,1
DA:331,0
DA:333,0
DA:334,0
DA:336,0
DA:337,0
DA:338,0
DA:340,0
DA:341,0
DA:343,0
DA:344,0
DA:346,0
DA:347,0
DA:349,0
DA:350,0
DA:351,0
DA:353,0
DA:354,0
DA:355,0
DA:357,0
DA:358,0
DA:359,0
DA:360,0
DA:362,0
DA:363,0
DA:365,0
DA:366,0
DA:368,0
DA:369,0
DA:370,0
DA:372,0
DA:373,0
DA:375,0
DA:376,0
DA:377,0
DA:379,0
DA:380,0
DA:382,0
DA:383,0
DA:384,0
DA:385,0
DA:386,0
DA:387,0
DA:393,1
DA:397,1
LF:227
LH:161
BRDA:2,0,0,1
BRDA:2,0,1,1
BRDA:2,0,2,1
BRDA:2,1,0,1
BRDA:2,1,1,0
BRDA:3,2,0,6
BRDA:3,2,1,0
BRDA:6,3,0,0
BRDA:6,3,1,0
BRDA:9,4,0,1
BRDA:9,4,1,1
BRDA:9,4,2,1
BRDA:9,5,0,1
BRDA:9,5,1,0
BRDA:14,6,0,1
BRDA:14,6,1,1
BRDA:14,6,2,1
BRDA:15,7,0,0
BRDA:15,7,1,1
BRDA:15,8,0,1
BRDA:15,8,1,1
BRDA:17,9,0,1
BRDA:17,9,1,0
BRDA:17,10,0,6
BRDA:17,10,1,0
BRDA:17,11,0,6
BRDA:17,11,1,6
BRDA:21,12,0,1
BRDA:21,12,1,1
BRDA:21,12,2,1
BRDA:22,13,0,75
BRDA:22,13,1,8
BRDA:23,14,0,24
BRDA:23,14,1,24
BRDA:26,15,0,24
BRDA:26,15,1,83
BRDA:27,16,0,24
BRDA:27,16,1,24
BRDA:30,17,0,1
BRDA:30,17,1,1
BRDA:30,17,2,1
BRDA:31,18,0,1
BRDA:31,18,1,83
BRDA:32,19,0,24
BRDA:32,19,1,24
BRDA:35,20,0,0
BRDA:35,20,1,107
BRDA:37,21,0,0
BRDA:37,21,1,264
BRDA:37,22,0,264
BRDA:37,22,1,0
BRDA:37,22,2,0
BRDA:37,23,0,0
BRDA:37,23,1,0
BRDA:37,24,0,0
BRDA:37,24,1,0
BRDA:37,25,0,0
BRDA:37,25,1,0
BRDA:37,26,0,0
BRDA:37,26,1,0
BRDA:38,27,0,0
BRDA:38,27,1,264
BRDA:39,28,0,106
BRDA:39,28,1,107
BRDA:39,28,2,83
BRDA:39,28,3,0
BRDA:39,28,4,0
BRDA:39,28,5,74
BRDA:45,29,0,24
BRDA:45,29,1,50
BRDA:45,30,0,74
BRDA:45,30,1,32
BRDA:45,30,2,32
BRDA:45,31,0,74
BRDA:45,31,1,42
BRDA:46,32,0,26
BRDA:46,32,1,24
BRDA:46,33,0,50
BRDA:46,33,1,34
BRDA:46,33,2,26
BRDA:46,33,3,26
BRDA:47,34,0,1
BRDA:47,34,1,23
BRDA:47,35,0,24
BRDA:47,35,1,1
BRDA:48,36,0,0
BRDA:48,36,1,23
BRDA:48,37,0,23
BRDA:48,37,1,23
BRDA:49,38,0,0
BRDA:49,38,1,23
BRDA:54,39,0,0
BRDA:54,39,1,24
BRDA:54,40,0,24
BRDA:54,40,1,0
BRDA:101,41,0,4
BRDA:101,41,1,4
BRDA:101,41,2,4
BRDA:101,41,3,4
BRDA:101,41,4,10
BRDA:101,41,5,7
BRDA:101,41,6,6
BRDA:101,41,7,3
BRDA:101,41,8,3
BRDA:101,41,9,1
BRDA:101,41,10,1
BRDA:101,41,11,0
BRDA:116,42,0,0
BRDA:116,42,1,4
BRDA:120,43,0,3
BRDA:120,43,1,7
BRDA:141,44,0,0
BRDA:141,44,1,1
BRDA:141,45,0,1
BRDA:141,45,1,1
BRDA:141,46,0,0
BRDA:141,46,1,1
BRDA:141,47,0,1
BRDA:141,47,1,1
BRDA:143,48,0,1
BRDA:143,48,1,0
BRDA:143,49,0,1
BRDA:143,49,1,1
BRDA:143,50,0,0
BRDA:143,50,1,1
BRDA:143,51,0,1
BRDA:143,51,1,1
BRDA:170,52,0,5
BRDA:170,52,1,5
BRDA:170,52,2,5
BRDA:170,52,3,9
BRDA:170,52,4,4
BRDA:170,52,5,4
BRDA:170,52,6,5
BRDA:170,52,7,0
BRDA:170,52,8,0
BRDA:183,53,0,5
BRDA:183,53,1,4
BRDA:218,54,0,5
BRDA:218,54,1,5
BRDA:218,54,2,4
BRDA:218,54,3,4
BRDA:218,54,4,0
BRDA:218,54,5,0
BRDA:225,55,0,1
BRDA:225,55,1,4
BRDA:256,56,0,4
BRDA:256,56,1,4
BRDA:256,56,2,4
BRDA:256,56,3,4
BRDA:256,56,4,4
BRDA:256,56,5,0
BRDA:256,56,6,4
BRDA:276,57,0,0
BRDA:276,57,1,0
BRDA:295,58,0,5
BRDA:295,58,1,5
BRDA:295,58,2,4
BRDA:295,58,3,4
BRDA:295,58,4,4
BRDA:295,58,5,0
BRDA:295,58,6,4
BRDA:302,59,0,1
BRDA:302,59,1,4
BRDA:334,60,0,0
BRDA:334,60,1,0
BRDA:334,60,2,0
BRDA:334,60,3,0
BRDA:334,60,4,0
BRDA:334,60,5,0
BRDA:334,60,6,0
BRDA:334,60,7,0
BRDA:334,60,8,0
BRDA:334,60,9,0
BRDA:334,60,10,0
BRDA:334,60,11,0
BRDA:334,60,12,0
BRDA:334,60,13,0
BRDA:334,60,14,0
BRDA:334,60,15,0
BRDA:334,60,16,0
BRDA:353,61,0,0
BRDA:353,61,1,0
BRDA:359,62,0,0
BRDA:359,62,1,0
BRDA:365,63,0,0
BRDA:365,63,1,0
BRDA:384,64,0,0
BRDA:384,64,1,0
BRF:189
BRH:123
end_of_record
TN:
SF:dist\controller\usersController.js
FN:2,(anonymous_0)
FN:4,(anonymous_1)
FN:5,(anonymous_2)
FN:9,(anonymous_3)
FN:11,(anonymous_4)
FN:14,(anonymous_5)
FN:21,(anonymous_6)
FN:22,adopt
FN:22,(anonymous_8)
FN:23,(anonymous_9)
FN:24,fulfilled
FN:25,rejected
FN:26,step
FN:30,(anonymous_13)
FN:31,(anonymous_14)
FN:32,(anonymous_15)
FN:33,verb
FN:33,(anonymous_17)
FN:34,step
FN:65,usersController
FN:66,(anonymous_20)
FN:68,(anonymous_21)
FN:78,(anonymous_22)
FN:78,(anonymous_23)
FN:80,(anonymous_24)
FNF:25
FNH:20
FNDA:6,(anonymous_0)
FNDA:5,(anonymous_1)
FNDA:0,(anonymous_2)
FNDA:1,(anonymous_3)
FNDA:0,(anonymous_4)
FNDA:1,(anonymous_5)
FNDA:65,(anonymous_6)
FNDA:64,adopt
FNDA:0,(anonymous_8)
FNDA:65,(anonymous_9)
FNDA:64,fulfilled
FNDA:0,rejected
FNDA:129,step
FNDA:65,(anonymous_13)
FNDA:64,(anonymous_14)
FNDA:0,(anonymous_15)
FNDA:195,verb
FNDA:129,(anonymous_17)
FNDA:129,step
FNDA:1,usersController
FNDA:1,(anonymous_20)
FNDA:1,(anonymous_21)
FNDA:64,(anonymous_22)
FNDA:64,(anonymous_23)
FNDA:128,(anonymous_24)
DA:2,1
DA:3,6
DA:4,6
DA:6,0
DA:7,0
DA:9,1
DA:10,1
DA:12,0
DA:14,1
DA:15,1
DA:16,1
DA:17,6
DA:18,1
DA:19,1
DA:21,1
DA:22,64
DA:23,65
DA:24,64
DA:25,0
DA:26,129
DA:27,65
DA:30,1
DA:31,65
DA:32,65
DA:33,195
DA:35,129
DA:36,322
DA:37,322
DA:38,322
DA:39,322
DA:40,129
DA:41,64
DA:42,0
DA:43,0
DA:45,129
DA:46,64
DA:47,64
DA:48,64
DA:49,64
DA:50,64
DA:52,129
DA:53,322
DA:54,65
DA:57,1
DA:58,1
DA:59,1
DA:60,1
DA:61,1
DA:62,1
DA:63,1
DA:64,1
DA:66,1
DA:67,1
DA:68,1
DA:69,1
DA:78,64
DA:80,64
DA:81,128
DA:83,64
DA:84,64
DA:85,64
DA:87,64
DA:88,64
DA:89,64
DA:98,0
DA:99,0
DA:100,0
DA:101,0
DA:102,0
DA:103,0
DA:108,1
DA:112,1
LF:72
LH:60
BRDA:2,0,0,1
BRDA:2,0,1,1
BRDA:2,0,2,1
BRDA:2,1,0,1
BRDA:2,1,1,0
BRDA:3,2,0,6
BRDA:3,2,1,0
BRDA:6,3,0,0
BRDA:6,3,1,0
BRDA:9,4,0,1
BRDA:9,4,1,1
BRDA:9,4,2,1
BRDA:9,5,0,1
BRDA:9,5,1,0
BRDA:14,6,0,1
BRDA:14,6,1,1
BRDA:14,6,2,1
BRDA:15,7,0,0
BRDA:15,7,1,1
BRDA:15,8,0,1
BRDA:15,8,1,1
BRDA:17,9,0,1
BRDA:17,9,1,0
BRDA:17,10,0,6
BRDA:17,10,1,0
BRDA:17,11,0,6
BRDA:17,11,1,6
BRDA:21,12,0,1
BRDA:21,12,1,1
BRDA:21,12,2,1
BRDA:22,13,0,64
BRDA:22,13,1,0
BRDA:23,14,0,65
BRDA:23,14,1,65
BRDA:26,15,0,65
BRDA:26,15,1,64
BRDA:27,16,0,65
BRDA:27,16,1,65
BRDA:30,17,0,1
BRDA:30,17,1,1
BRDA:30,17,2,1
BRDA:31,18,0,0
BRDA:31,18,1,64
BRDA:32,19,0,65
BRDA:32,19,1,65
BRDA:35,20,0,0
BRDA:35,20,1,129
BRDA:37,21,0,0
BRDA:37,21,1,322
BRDA:37,22,0,322
BRDA:37,22,1,0
BRDA:37,22,2,0
BRDA:37,23,0,0
BRDA:37,23,1,0
BRDA:37,24,0,0
BRDA:37,24,1,0
BRDA:37,25,0,0
BRDA:37,25,1,0
BRDA:37,26,0,0
BRDA:37,26,1,0
BRDA:38,27,0,0
BRDA:38,27,1,322
BRDA:39,28,0,129
BRDA:39,28,1,129
BRDA:39,28,2,64
BRDA:39,28,3,0
BRDA:39,28,4,0
BRDA:39,28,5,129
BRDA:45,29,0,65
BRDA:45,29,1,64
BRDA:45,30,0,129
BRDA:45,30,1,65
BRDA:45,30,2,65
BRDA:45,31,0,129
BRDA:45,31,1,64
BRDA:46,32,0,0
BRDA:46,32,1,64
BRDA:46,33,0,64
BRDA:46,33,1,0
BRDA:46,33,2,0
BRDA:46,33,3,0
BRDA:47,34,0,0
BRDA:47,34,1,64
BRDA:47,35,0,64
BRDA:47,35,1,0
BRDA:48,36,0,0
BRDA:48,36,1,64
BRDA:48,37,0,64
BRDA:48,37,1,64
BRDA:49,38,0,0
BRDA:49,38,1,64
BRDA:54,39,0,0
BRDA:54,39,1,65
BRDA:54,40,0,65
BRDA:54,40,1,0
BRDA:81,41,0,64
BRDA:81,41,1,64
BRDA:81,41,2,0
BRDA:81,41,3,0
BRDA:100,42,0,0
BRDA:100,42,1,0
BRF:101
BRH:62
end_of_record
TN:
SF:dist\environment\config.js
FN:2,(anonymous_0)
FNF:1
FNH:1
FNDA:1,(anonymous_0)
DA:2,1
DA:3,1
DA:5,1
DA:6,1
DA:7,1
DA:9,1
DA:10,1
DA:11,1
LF:8
LH:8
BRDA:2,0,0,1
BRDA:2,0,1,1
BRDA:2,0,2,1
BRDA:3,1,0,0
BRDA:3,1,1,1
BRDA:3,2,0,1
BRDA:3,2,1,1
BRF:7
BRH:6
end_of_record
TN:
SF:dist\environment\endpoints.js
FN:2,(anonymous_0)
FN:21,getOrThrow
FNF:2
FNH:2
FNDA:1,(anonymous_0)
FNDA:5,getOrThrow
DA:2,1
DA:3,1
DA:5,1
DA:6,1
DA:7,1
DA:8,1
DA:9,1
DA:10,1
DA:11,1
DA:12,1
DA:13,0
DA:14,1
DA:15,0
DA:16,1
DA:17,1
DA:18,1
DA:19,1
DA:20,1
DA:22,5
DA:23,5
DA:24,0
DA:25,5
LF:22
LH:19
BRDA:2,0,0,1
BRDA:2,0,1,1
BRDA:2,0,2,1
BRDA:3,1,0,0
BRDA:3,1,1,1
BRDA:3,2,0,1
BRDA:3,2,1,1
BRDA:9,3,0,1
BRDA:9,3,1,0
BRDA:10,4,0,1
BRDA:10,4,1,0
BRDA:12,5,0,0
BRDA:12,5,1,1
BRDA:14,6,0,0
BRDA:14,6,1,1
BRDA:23,7,0,0
BRDA:23,7,1,5
BRF:17
BRH:11
end_of_record
TN:
SF:dist\lib\fastify.js
FN:2,(anonymous_0)
FN:4,(anonymous_1)
FN:5,(anonymous_2)
FN:9,(anonymous_3)
FN:11,(anonymous_4)
FN:14,(anonymous_5)
FN:21,(anonymous_6)
FN:73,(anonymous_7)
FN:74,(anonymous_8)
FN:77,(anonymous_9)
FNF:10
FNH:5
FNDA:30,(anonymous_0)
FNDA:30,(anonymous_1)
FNDA:0,(anonymous_2)
FNDA:5,(anonymous_3)
FNDA:0,(anonymous_4)
FNDA:5,(anonymous_5)
FNDA:2,(anonymous_6)
FNDA:0,(anonymous_7)
FNDA:0,(anonymous_8)
FNDA:0,(anonymous_9)
DA:2,1
DA:3,30
DA:4,30
DA:6,0
DA:7,0
DA:9,1
DA:10,5
DA:12,0
DA:14,1
DA:15,5
DA:16,5
DA:17,30
DA:18,5
DA:19,5
DA:21,1
DA:22,2
DA:24,1
DA:25,1
DA:26,1
DA:27,1
DA:28,1
DA:29,1
DA:30,1
DA:31,1
DA:32,1
DA:33,1
DA:34,1
DA:35,1
DA:36,1
DA:37,1
DA:38,1
DA:73,0
DA:74,0
DA:77,0
LF:34
LH:28
BRDA:2,0,0,1
BRDA:2,0,1,1
BRDA:2,0,2,1
BRDA:2,1,0,1
BRDA:2,1,1,0
BRDA:3,2,0,30
BRDA:3,2,1,0
BRDA:6,3,0,0
BRDA:6,3,1,0
BRDA:9,4,0,1
BRDA:9,4,1,1
BRDA:9,4,2,1
BRDA:9,5,0,1
BRDA:9,5,1,0
BRDA:14,6,0,1
BRDA:14,6,1,1
BRDA:14,6,2,1
BRDA:15,7,0,0
BRDA:15,7,1,5
BRDA:15,8,0,5
BRDA:15,8,1,5
BRDA:17,9,0,5
BRDA:17,9,1,0
BRDA:17,10,0,30
BRDA:17,10,1,0
BRDA:17,11,0,30
BRDA:17,11,1,30
BRDA:21,12,0,1
BRDA:21,12,1,1
BRDA:21,12,2,1
BRDA:22,13,0,0
BRDA:22,13,1,2
BRDA:22,14,0,2
BRDA:22,14,1,2
BRF:34
BRH:25
end_of_record
TN:
SF:dist\specs\index.js
FNF:0
FNH:0
DA:2,1
DA:3,1
DA:4,1
DA:5,1
DA:6,1
DA:7,1
DA:8,1
DA:9,1
DA:10,1
DA:11,1
DA:12,1
LF:11
LH:11
BRF:0
BRH:0
end_of_record
TN:
SF:dist\specs\controller\authController.spec.js
FN:2,(anonymous_0)
FN:3,adopt
FN:3,(anonymous_2)
FN:4,(anonymous_3)
FN:5,fulfilled
FN:6,rejected
FN:7,step
FN:11,(anonymous_7)
FN:12,(anonymous_8)
FN:13,(anonymous_9)
FN:14,verb
FN:14,(anonymous_11)
FN:15,step
FN:38,(anonymous_13)
FN:48,(anonymous_14)
FN:48,(anonymous_15)
FN:49,(anonymous_16)
FN:50,(anonymous_17)
FN:50,(anonymous_18)
FN:51,(anonymous_19)
FN:66,(anonymous_20)
FN:66,(anonymous_21)
FN:68,(anonymous_22)
FN:80,(anonymous_23)
FN:80,(anonymous_24)
FN:82,(anonymous_25)
FN:95,(anonymous_26)
FN:95,(anonymous_27)
FN:97,(anonymous_28)
FN:110,(anonymous_29)
FN:110,(anonymous_30)
FN:112,(anonymous_31)
FN:127,(anonymous_32)
FN:127,(anonymous_33)
FN:129,(anonymous_34)
FNF:35
FNH:33
FNDA:10,(anonymous_0)
FNDA:15,adopt
FNDA:10,(anonymous_2)
FNDA:10,(anonymous_3)
FNDA:15,fulfilled
FNDA:0,rejected
FNDA:25,step
FNDA:10,(anonymous_7)
FNDA:15,(anonymous_8)
FNDA:0,(anonymous_9)
FNDA:30,verb
FNDA:25,(anonymous_11)
FNDA:25,step
FNDA:1,(anonymous_13)
FNDA:1,(anonymous_14)
FNDA:1,(anonymous_15)
FNDA:1,(anonymous_16)
FNDA:5,(anonymous_17)
FNDA:5,(anonymous_18)
FNDA:15,(anonymous_19)
FNDA:1,(anonymous_20)
FNDA:1,(anonymous_21)
FNDA:2,(anonymous_22)
FNDA:1,(anonymous_23)
FNDA:1,(anonymous_24)
FNDA:2,(anonymous_25)
FNDA:1,(anonymous_26)
FNDA:1,(anonymous_27)
FNDA:2,(anonymous_28)
FNDA:1,(anonymous_29)
FNDA:1,(anonymous_30)
FNDA:2,(anonymous_31)
FNDA:1,(anonymous_32)
FNDA:1,(anonymous_33)
FNDA:2,(anonymous_34)
DA:2,1
DA:3,15
DA:4,10
DA:5,15
DA:6,0
DA:7,25
DA:8,10
DA:11,1
DA:12,15
DA:13,10
DA:14,30
DA:16,25
DA:17,50
DA:18,50
DA:19,50
DA:20,50
DA:21,25
DA:22,15
DA:23,0
DA:24,0
DA:26,10
DA:27,0
DA:28,0
DA:29,0
DA:30,0
DA:31,0
DA:33,25
DA:34,50
DA:35,10
DA:38,1
DA:39,1
DA:41,1
DA:42,1
DA:43,1
DA:44,1
DA:45,1
DA:46,1
DA:47,1
DA:48,1
DA:49,1
DA:50,5
DA:51,5
DA:52,15
DA:53,5
DA:55,5
DA:56,5
DA:61,5
DA:62,5
DA:66,1
DA:68,1
DA:69,2
DA:70,1
DA:74,1
DA:75,1
DA:76,1
DA:80,1
DA:82,1
DA:83,2
DA:84,1
DA:89,1
DA:90,1
DA:91,1
DA:95,1
DA:97,1
DA:98,2
DA:99,1
DA:104,1
DA:105,1
DA:106,1
DA:110,1
DA:112,1
DA:113,2
DA:114,1
DA:119,1
DA:120,1
DA:121,1
DA:122,1
DA:123,1
DA:127,1
DA:129,1
DA:130,2
DA:131,1
DA:136,1
DA:137,1
DA:138,1
DA:144,1
LF:86
LH:78
BRDA:2,0,0,1
BRDA:2,0,1,1
BRDA:2,0,2,1
BRDA:3,1,0,5
BRDA:3,1,1,10
BRDA:4,2,0,10
BRDA:4,2,1,10
BRDA:7,3,0,10
BRDA:7,3,1,15
BRDA:8,4,0,10
BRDA:8,4,1,10
BRDA:11,5,0,1
BRDA:11,5,1,1
BRDA:11,5,2,1
BRDA:12,6,0,0
BRDA:12,6,1,15
BRDA:13,7,0,10
BRDA:13,7,1,10
BRDA:16,8,0,0
BRDA:16,8,1,25
BRDA:18,9,0,0
BRDA:18,9,1,50
BRDA:18,10,0,50
BRDA:18,10,1,0
BRDA:18,10,2,0
BRDA:18,11,0,0
BRDA:18,11,1,0
BRDA:18,12,0,0
BRDA:18,12,1,0
BRDA:18,13,0,0
BRDA:18,13,1,0
BRDA:18,14,0,0
BRDA:18,14,1,0
BRDA:19,15,0,0
BRDA:19,15,1,50
BRDA:20,16,0,25
BRDA:20,16,1,25
BRDA:20,16,2,15
BRDA:20,16,3,0
BRDA:20,16,4,0
BRDA:20,16,5,10
BRDA:26,17,0,10
BRDA:26,17,1,0
BRDA:26,18,0,10
BRDA:26,18,1,10
BRDA:26,18,2,10
BRDA:26,19,0,10
BRDA:26,19,1,0
BRDA:27,20,0,0
BRDA:27,20,1,0
BRDA:27,21,0,0
BRDA:27,21,1,0
BRDA:27,21,2,0
BRDA:27,21,3,0
BRDA:28,22,0,0
BRDA:28,22,1,0
BRDA:28,23,0,0
BRDA:28,23,1,0
BRDA:29,24,0,0
BRDA:29,24,1,0
BRDA:29,25,0,0
BRDA:29,25,1,0
BRDA:30,26,0,0
BRDA:30,26,1,0
BRDA:35,27,0,0
BRDA:35,27,1,10
BRDA:35,28,0,10
BRDA:35,28,1,0
BRDA:38,29,0,1
BRDA:38,29,1,1
BRDA:38,29,2,1
BRDA:39,30,0,0
BRDA:39,30,1,1
BRDA:39,31,0,1
BRDA:39,31,1,1
BRDA:52,32,0,5
BRDA:52,32,1,5
BRDA:52,32,2,5
BRDA:69,33,0,1
BRDA:69,33,1,1
BRDA:83,34,0,1
BRDA:83,34,1,1
BRDA:98,35,0,1
BRDA:98,35,1,1
BRDA:113,36,0,1
BRDA:113,36,1,1
BRDA:130,37,0,1
BRDA:130,37,1,1
BRF:88
BRH:51
end_of_record
TN:
SF:dist\specs\controller\projectsController.spec.js
FN:2,(anonymous_0)
FN:3,adopt
FN:3,(anonymous_2)
FN:4,(anonymous_3)
FN:5,fulfilled
FN:6,rejected
FN:7,step
FN:11,(anonymous_7)
FN:12,(anonymous_8)
FN:13,(anonymous_9)
FN:14,verb
FN:14,(anonymous_11)
FN:15,step
FN:45,(anonymous_13)
FN:45,(anonymous_14)
FN:57,(anonymous_15)
FN:57,(anonymous_16)
FN:59,(anonymous_17)
FN:77,(anonymous_18)
FN:78,(anonymous_19)
FN:78,(anonymous_20)
FN:80,(anonymous_21)
FN:92,(anonymous_22)
FN:92,(anonymous_23)
FN:94,(anonymous_24)
FN:106,(anonymous_25)
FN:106,(anonymous_26)
FN:108,(anonymous_27)
FN:118,(anonymous_28)
FN:118,(anonymous_29)
FN:120,(anonymous_30)
FN:132,(anonymous_31)
FN:132,(anonymous_32)
FN:134,(anonymous_33)
FN:156,(anonymous_34)
FN:158,(anonymous_35)
FN:158,(anonymous_36)
FN:160,(anonymous_37)
FN:181,(anonymous_38)
FN:181,(anonymous_39)
FN:183,(anonymous_40)
FN:197,(anonymous_41)
FN:197,(anonymous_42)
FN:199,(anonymous_43)
FN:215,(anonymous_44)
FN:215,(anonymous_45)
FN:217,(anonymous_46)
FN:233,(anonymous_47)
FN:233,(anonymous_48)
FN:235,(anonymous_49)
FN:251,(anonymous_50)
FN:251,(anonymous_51)
FN:253,(anonymous_52)
FN:270,(anonymous_53)
FN:273,(anonymous_54)
FN:273,(anonymous_55)
FN:275,(anonymous_56)
FN:297,(anonymous_57)
FN:297,(anonymous_58)
FN:299,(anonymous_59)
FN:313,(anonymous_60)
FN:313,(anonymous_61)
FN:315,(anonymous_62)
FN:325,(anonymous_63)
FN:325,(anonymous_64)
FN:327,(anonymous_65)
FN:339,(anonymous_66)
FN:339,(anonymous_67)
FN:341,(anonymous_68)
FN:357,(anonymous_69)
FN:360,(anonymous_70)
FN:360,(anonymous_71)
FN:362,(anonymous_72)
FN:384,(anonymous_73)
FN:384,(anonymous_74)
FN:386,(anonymous_75)
FN:396,(anonymous_76)
FN:396,(anonymous_77)
FN:398,(anonymous_78)
FN:410,(anonymous_79)
FN:410,(anonymous_80)
FN:412,(anonymous_81)
FN:425,(anonymous_82)
FN:429,(anonymous_83)
FN:429,(anonymous_84)
FN:431,(anonymous_85)
FN:460,(anonymous_86)
FN:460,(anonymous_87)
FN:462,(anonymous_88)
FN:474,(anonymous_89)
FN:474,(anonymous_90)
FN:476,(anonymous_91)
FN:488,(anonymous_92)
FN:488,(anonymous_93)
FN:490,(anonymous_94)
FN:504,(anonymous_95)
FN:504,(anonymous_96)
FN:506,(anonymous_97)
FN:521,(anonymous_98)
FN:521,(anonymous_99)
FN:523,(anonymous_100)
FN:544,(anonymous_101)
FN:547,(anonymous_102)
FN:547,(anonymous_103)
FN:549,(anonymous_104)
FN:571,(anonymous_105)
FN:571,(anonymous_106)
FN:573,(anonymous_107)
FN:583,(anonymous_108)
FN:583,(anonymous_109)
FN:585,(anonymous_110)
FN:597,(anonymous_111)
FN:597,(anonymous_112)
FN:599,(anonymous_113)
FN:611,(anonymous_114)
FN:611,(anonymous_115)
FN:613,(anonymous_116)
FNF:117
FNH:115
FNDA:73,(anonymous_0)
FNDA:150,adopt
FNDA:124,(anonymous_2)
FNDA:73,(anonymous_3)
FNDA:150,fulfilled
FNDA:0,rejected
FNDA:223,step
FNDA:73,(anonymous_7)
FNDA:150,(anonymous_8)
FNDA:0,(anonymous_9)
FNDA:219,verb
FNDA:223,(anonymous_11)
FNDA:223,step
FNDA:1,(anonymous_13)
FNDA:1,(anonymous_14)
FNDA:26,(anonymous_15)
FNDA:26,(anonymous_16)
FNDA:78,(anonymous_17)
FNDA:1,(anonymous_18)
FNDA:1,(anonymous_19)
FNDA:1,(anonymous_20)
FNDA:2,(anonymous_21)
FNDA:1,(anonymous_22)
FNDA:1,(anonymous_23)
FNDA:2,(anonymous_24)
FNDA:1,(anonymous_25)
FNDA:1,(anonymous_26)
FNDA:2,(anonymous_27)
FNDA:1,(anonymous_28)
FNDA:1,(anonymous_29)
FNDA:2,(anonymous_30)
FNDA:1,(anonymous_31)
FNDA:1,(anonymous_32)
FNDA:4,(anonymous_33)
FNDA:1,(anonymous_34)
FNDA:5,(anonymous_35)
FNDA:5,(anonymous_36)
FNDA:20,(anonymous_37)
FNDA:1,(anonymous_38)
FNDA:1,(anonymous_39)
FNDA:3,(anonymous_40)
FNDA:1,(anonymous_41)
FNDA:1,(anonymous_42)
FNDA:3,(anonymous_43)
FNDA:1,(anonymous_44)
FNDA:1,(anonymous_45)
FNDA:3,(anonymous_46)
FNDA:1,(anonymous_47)
FNDA:1,(anonymous_48)
FNDA:3,(anonymous_49)
FNDA:1,(anonymous_50)
FNDA:1,(anonymous_51)
FNDA:3,(anonymous_52)
FNDA:1,(anonymous_53)
FNDA:4,(anonymous_54)
FNDA:4,(anonymous_55)
FNDA:16,(anonymous_56)
FNDA:1,(anonymous_57)
FNDA:1,(anonymous_58)
FNDA:2,(anonymous_59)
FNDA:1,(anonymous_60)
FNDA:1,(anonymous_61)
FNDA:2,(anonymous_62)
FNDA:1,(anonymous_63)
FNDA:1,(anonymous_64)
FNDA:2,(anonymous_65)
FNDA:1,(anonymous_66)
FNDA:1,(anonymous_67)
FNDA:2,(anonymous_68)
FNDA:1,(anonymous_69)
FNDA:3,(anonymous_70)
FNDA:3,(anonymous_71)
FNDA:12,(anonymous_72)
FNDA:1,(anonymous_73)
FNDA:1,(anonymous_74)
FNDA:2,(anonymous_75)
FNDA:1,(anonymous_76)
FNDA:1,(anonymous_77)
FNDA:2,(anonymous_78)
FNDA:1,(anonymous_79)
FNDA:1,(anonymous_80)
FNDA:2,(anonymous_81)
FNDA:1,(anonymous_82)
FNDA:5,(anonymous_83)
FNDA:5,(anonymous_84)
FNDA:25,(anonymous_85)
FNDA:1,(anonymous_86)
FNDA:1,(anonymous_87)
FNDA:2,(anonymous_88)
FNDA:1,(anonymous_89)
FNDA:1,(anonymous_90)
FNDA:2,(anonymous_91)
FNDA:1,(anonymous_92)
FNDA:1,(anonymous_93)
FNDA:2,(anonymous_94)
FNDA:1,(anonymous_95)
FNDA:1,(anonymous_96)
FNDA:2,(anonymous_97)
FNDA:1,(anonymous_98)
FNDA:1,(anonymous_99)
FNDA:3,(anonymous_100)
FNDA:1,(anonymous_101)
FNDA:4,(anonymous_102)
FNDA:4,(anonymous_103)
FNDA:16,(anonymous_104)
FNDA:1,(anonymous_105)
FNDA:1,(anonymous_106)
FNDA:2,(anonymous_107)
FNDA:1,(anonymous_108)
FNDA:1,(anonymous_109)
FNDA:2,(anonymous_110)
FNDA:1,(anonymous_111)
FNDA:1,(anonymous_112)
FNDA:2,(anonymous_113)
FNDA:1,(anonymous_114)
FNDA:1,(anonymous_115)
FNDA:3,(anonymous_116)
DA:2,1
DA:3,150
DA:4,73
DA:5,150
DA:6,0
DA:7,223
DA:8,73
DA:11,1
DA:12,150
DA:13,73
DA:14,223
DA:16,223
DA:17,451
DA:18,451
DA:19,451
DA:20,451
DA:21,223
DA:22,150
DA:23,0
DA:24,0
DA:26,78
DA:27,5
DA:28,0
DA:29,0
DA:30,0
DA:31,0
DA:33,228
DA:34,451
DA:35,73
DA:38,1
DA:39,1
DA:40,1
DA:41,1
DA:42,1
DA:43,1
DA:44,1
DA:45,1
DA:46,1
DA:47,1
DA:48,1
DA:49,1
DA:50,1
DA:57,26
DA:59,26
DA:60,78
DA:61,26
DA:63,26
DA:64,26
DA:69,26
DA:70,26
DA:71,26
DA:72,26
DA:73,26
DA:77,1
DA:78,1
DA:80,1
DA:81,2
DA:82,1
DA:86,1
DA:87,1
DA:88,1
DA:92,1
DA:94,1
DA:95,2
DA:96,1
DA:100,1
DA:101,1
DA:102,1
DA:106,1
DA:108,1
DA:109,2
DA:110,1
DA:112,1
DA:113,1
DA:114,1
DA:118,1
DA:120,1
DA:121,2
DA:122,1
DA:126,1
DA:127,1
DA:128,1
DA:132,1
DA:134,1
DA:135,4
DA:137,1
DA:138,1
DA:140,1
DA:141,1
DA:142,1
DA:144,1
DA:145,1
DA:149,1
DA:150,1
DA:151,1
DA:156,1
DA:158,5
DA:160,5
DA:161,20
DA:163,5
DA:164,5
DA:166,5
DA:167,5
DA:168,5
DA:170,5
DA:171,5
DA:172,5
DA:176,5
DA:177,5
DA:181,1
DA:183,1
DA:184,3
DA:186,1
DA:187,1
DA:189,1
DA:190,1
DA:191,1
DA:192,0
DA:193,1
DA:197,1
DA:199,1
DA:200,3
DA:202,1
DA:203,1
DA:207,1
DA:208,1
DA:209,1
DA:210,0
DA:211,1
DA:215,1
DA:217,1
DA:218,3
DA:220,1
DA:221,1
DA:225,1
DA:226,1
DA:227,1
DA:228,0
DA:229,1
DA:233,1
DA:235,1
DA:236,3
DA:238,1
DA:239,1
DA:243,1
DA:244,1
DA:245,1
DA:246,0
DA:247,1
DA:251,1
DA:253,1
DA:254,3
DA:256,1
DA:257,1
DA:261,1
DA:262,1
DA:263,1
DA:264,0
DA:265,1
DA:270,1
DA:273,4
DA:275,4
DA:276,16
DA:278,4
DA:279,4
DA:281,4
DA:282,4
DA:283,4
DA:285,4
DA:286,4
DA:287,4
DA:291,4
DA:292,4
DA:293,4
DA:297,1
DA:299,1
DA:300,2
DA:301,1
DA:307,1
DA:308,1
DA:309,1
DA:313,1
DA:315,1
DA:316,2
DA:317,1
DA:319,1
DA:320,1
DA:321,1
DA:325,1
DA:327,1
DA:328,2
DA:329,1
DA:333,1
DA:334,1
DA:335,1
DA:339,1
DA:341,1
DA:342,2
DA:343,1
DA:350,1
DA:351,1
DA:352,1
DA:357,1
DA:360,3
DA:362,3
DA:363,12
DA:365,3
DA:366,3
DA:368,3
DA:369,3
DA:370,3
DA:372,3
DA:373,3
DA:374,3
DA:378,3
DA:379,3
DA:380,3
DA:384,1
DA:386,1
DA:387,2
DA:388,1
DA:390,1
DA:391,1
DA:392,1
DA:396,1
DA:398,1
DA:399,2
DA:400,1
DA:404,1
DA:405,1
DA:406,1
DA:410,1
DA:412,1
DA:413,2
DA:414,1
DA:418,1
DA:419,1
DA:420,1
DA:425,1
DA:429,5
DA:431,5
DA:432,25
DA:434,5
DA:435,5
DA:437,5
DA:438,5
DA:439,5
DA:441,5
DA:442,5
DA:443,5
DA:447,5
DA:448,5
DA:449,5
DA:454,5
DA:455,5
DA:456,5
DA:460,1
DA:462,1
DA:463,2
DA:464,1
DA:468,1
DA:469,1
DA:470,1
DA:474,1
DA:476,1
DA:477,2
DA:478,1
DA:482,1
DA:483,1
DA:484,1
DA:488,1
DA:490,1
DA:491,2
DA:492,1
DA:498,1
DA:499,1
DA:500,1
DA:504,1
DA:506,1
DA:507,2
DA:508,1
DA:515,1
DA:516,1
DA:517,1
DA:521,1
DA:523,1
DA:524,3
DA:525,1
DA:532,1
DA:533,1
DA:537,1
DA:538,1
DA:539,1
DA:544,1
DA:547,4
DA:549,4
DA:550,16
DA:552,4
DA:553,4
DA:555,4
DA:556,4
DA:557,4
DA:559,4
DA:560,4
DA:561,4
DA:565,4
DA:566,4
DA:567,4
DA:571,1
DA:573,1
DA:574,2
DA:575,1
DA:577,1
DA:578,1
DA:579,1
DA:583,1
DA:585,1
DA:586,2
DA:587,1
DA:591,1
DA:592,1
DA:593,1
DA:597,1
DA:599,1
DA:600,2
DA:601,1
DA:605,1
DA:606,1
DA:607,1
DA:611,1
DA:613,1
DA:614,3
DA:615,1
DA:619,1
DA:620,1
DA:624,1
DA:625,1
DA:626,1
DA:632,1
LF:339
LH:327
BRDA:2,0,0,1
BRDA:2,0,1,1
BRDA:2,0,2,1
BRDA:3,1,0,26
BRDA:3,1,1,124
BRDA:4,2,0,73
BRDA:4,2,1,73
BRDA:7,3,0,73
BRDA:7,3,1,150
BRDA:8,4,0,73
BRDA:8,4,1,73
BRDA:11,5,0,1
BRDA:11,5,1,1
BRDA:11,5,2,1
BRDA:12,6,0,0
BRDA:12,6,1,150
BRDA:13,7,0,73
BRDA:13,7,1,73
BRDA:16,8,0,0
BRDA:16,8,1,223
BRDA:18,9,0,0
BRDA:18,9,1,451
BRDA:18,10,0,451
BRDA:18,10,1,0
BRDA:18,10,2,0
BRDA:18,11,0,0
BRDA:18,11,1,0
BRDA:18,12,0,0
BRDA:18,12,1,0
BRDA:18,13,0,0
BRDA:18,13,1,0
BRDA:18,14,0,0
BRDA:18,14,1,0
BRDA:19,15,0,0
BRDA:19,15,1,451
BRDA:20,16,0,223
BRDA:20,16,1,223
BRDA:20,16,2,150
BRDA:20,16,3,0
BRDA:20,16,4,0
BRDA:20,16,5,78
BRDA:26,17,0,73
BRDA:26,17,1,5
BRDA:26,18,0,78
BRDA:26,18,1,78
BRDA:26,18,2,78
BRDA:26,19,0,78
BRDA:26,19,1,0
BRDA:27,20,0,5
BRDA:27,20,1,0
BRDA:27,21,0,5
BRDA:27,21,1,5
BRDA:27,21,2,0
BRDA:27,21,3,0
BRDA:28,22,0,0
BRDA:28,22,1,0
BRDA:28,23,0,0
BRDA:28,23,1,0
BRDA:29,24,0,0
BRDA:29,24,1,0
BRDA:29,25,0,0
BRDA:29,25,1,0
BRDA:30,26,0,0
BRDA:30,26,1,0
BRDA:35,27,0,0
BRDA:35,27,1,73
BRDA:35,28,0,73
BRDA:35,28,1,0
BRDA:60,29,0,26
BRDA:60,29,1,26
BRDA:60,29,2,26
BRDA:81,30,0,1
BRDA:81,30,1,1
BRDA:95,31,0,1
BRDA:95,31,1,1
BRDA:109,32,0,1
BRDA:109,32,1,1
BRDA:121,33,0,1
BRDA:121,33,1,1
BRDA:135,34,0,1
BRDA:135,34,1,1
BRDA:135,34,2,1
BRDA:135,34,3,1
BRDA:161,35,0,5
BRDA:161,35,1,5
BRDA:161,35,2,5
BRDA:161,35,3,5
BRDA:184,36,0,1
BRDA:184,36,1,1
BRDA:184,36,2,0
BRDA:184,36,3,1
BRDA:186,37,0,0
BRDA:186,37,1,1
BRDA:200,38,0,1
BRDA:200,38,1,1
BRDA:200,38,2,0
BRDA:200,38,3,1
BRDA:202,39,0,0
BRDA:202,39,1,1
BRDA:218,40,0,1
BRDA:218,40,1,1
BRDA:218,40,2,0
BRDA:218,40,3,1
BRDA:220,41,0,0
BRDA:220,41,1,1
BRDA:236,42,0,1
BRDA:236,42,1,1
BRDA:236,42,2,0
BRDA:236,42,3,1
BRDA:238,43,0,0
BRDA:238,43,1,1
BRDA:254,44,0,1
BRDA:254,44,1,1
BRDA:254,44,2,0
BRDA:254,44,3,1
BRDA:256,45,0,0
BRDA:256,45,1,1
BRDA:276,46,0,4
BRDA:276,46,1,4
BRDA:276,46,2,4
BRDA:276,46,3,4
BRDA:292,47,0,4
BRDA:292,47,1,0
BRDA:300,48,0,1
BRDA:300,48,1,1
BRDA:316,49,0,1
BRDA:316,49,1,1
BRDA:328,50,0,1
BRDA:328,50,1,1
BRDA:342,51,0,1
BRDA:342,51,1,1
BRDA:363,52,0,3
BRDA:363,52,1,3
BRDA:363,52,2,3
BRDA:363,52,3,3
BRDA:379,53,0,3
BRDA:379,53,1,0
BRDA:387,54,0,1
BRDA:387,54,1,1
BRDA:399,55,0,1
BRDA:399,55,1,1
BRDA:413,56,0,1
BRDA:413,56,1,1
BRDA:432,57,0,5
BRDA:432,57,1,5
BRDA:432,57,2,5
BRDA:432,57,3,5
BRDA:432,57,4,5
BRDA:448,58,0,5
BRDA:448,58,1,0
BRDA:463,59,0,1
BRDA:463,59,1,1
BRDA:477,60,0,1
BRDA:477,60,1,1
BRDA:491,61,0,1
BRDA:491,61,1,1
BRDA:507,62,0,1
BRDA:507,62,1,1
BRDA:524,63,0,1
BRDA:524,63,1,1
BRDA:524,63,2,1
BRDA:550,64,0,4
BRDA:550,64,1,4
BRDA:550,64,2,4
BRDA:550,64,3,4
BRDA:566,65,0,4
BRDA:566,65,1,0
BRDA:574,66,0,1
BRDA:574,66,1,1
BRDA:586,67,0,1
BRDA:586,67,1,1
BRDA:600,68,0,1
BRDA:600,68,1,1
BRDA:614,69,0,1
BRDA:614,69,1,1
BRDA:614,69,2,1
BRF:176
BRH:130
end_of_record
TN:
SF:dist\specs\controller\suppliesController.spec.js
FN:2,(anonymous_0)
FN:3,adopt
FN:3,(anonymous_2)
FN:4,(anonymous_3)
FN:5,fulfilled
FN:6,rejected
FN:7,step
FN:11,(anonymous_7)
FN:12,(anonymous_8)
FN:13,(anonymous_9)
FN:14,verb
FN:14,(anonymous_11)
FN:15,step
FN:43,(anonymous_13)
FN:43,(anonymous_14)
FN:44,(anonymous_15)
FN:44,(anonymous_16)
FN:45,(anonymous_17)
FN:54,(anonymous_18)
FN:55,(anonymous_19)
FN:55,(anonymous_20)
FN:57,(anonymous_21)
FN:72,(anonymous_22)
FN:72,(anonymous_23)
FN:74,(anonymous_24)
FN:90,(anonymous_25)
FN:90,(anonymous_26)
FN:92,(anonymous_27)
FN:109,(anonymous_28)
FN:112,(anonymous_29)
FN:112,(anonymous_30)
FN:114,(anonymous_31)
FN:141,(anonymous_32)
FN:141,(anonymous_33)
FN:143,(anonymous_34)
FN:153,(anonymous_35)
FN:153,(anonymous_36)
FN:155,(anonymous_37)
FN:161,(anonymous_38)
FN:175,(anonymous_39)
FN:177,(anonymous_40)
FN:177,(anonymous_41)
FN:179,(anonymous_42)
FN:196,(anonymous_43)
FN:196,(anonymous_44)
FN:198,(anonymous_45)
FN:208,(anonymous_46)
FN:208,(anonymous_47)
FN:210,(anonymous_48)
FN:224,(anonymous_49)
FN:224,(anonymous_50)
FN:226,(anonymous_51)
FN:247,(anonymous_52)
FN:249,(anonymous_53)
FN:249,(anonymous_54)
FN:251,(anonymous_55)
FN:268,(anonymous_56)
FN:268,(anonymous_57)
FN:270,(anonymous_58)
FN:286,(anonymous_59)
FN:286,(anonymous_60)
FN:288,(anonymous_61)
FN:307,(anonymous_62)
FN:307,(anonymous_63)
FN:309,(anonymous_64)
FN:329,(anonymous_65)
FN:329,(anonymous_66)
FN:331,(anonymous_67)
FN:351,(anonymous_68)
FN:351,(anonymous_69)
FN:353,(anonymous_70)
FN:382,(anonymous_71)
FN:384,(anonymous_72)
FN:384,(anonymous_73)
FN:386,(anonymous_74)
FN:403,(anonymous_75)
FN:403,(anonymous_76)
FN:405,(anonymous_77)
FN:415,(anonymous_78)
FN:415,(anonymous_79)
FN:417,(anonymous_80)
FN:431,(anonymous_81)
FN:431,(anonymous_82)
FN:433,(anonymous_83)
FNF:84
FNH:82
FNDA:45,(anonymous_0)
FNDA:55,adopt
FNDA:39,(anonymous_2)
FNDA:45,(anonymous_3)
FNDA:55,fulfilled
FNDA:0,rejected
FNDA:100,step
FNDA:45,(anonymous_7)
FNDA:55,(anonymous_8)
FNDA:0,(anonymous_9)
FNDA:135,verb
FNDA:100,(anonymous_11)
FNDA:100,step
FNDA:1,(anonymous_13)
FNDA:1,(anonymous_14)
FNDA:16,(anonymous_15)
FNDA:16,(anonymous_16)
FNDA:32,(anonymous_17)
FNDA:1,(anonymous_18)
FNDA:1,(anonymous_19)
FNDA:1,(anonymous_20)
FNDA:2,(anonymous_21)
FNDA:1,(anonymous_22)
FNDA:1,(anonymous_23)
FNDA:2,(anonymous_24)
FNDA:1,(anonymous_25)
FNDA:1,(anonymous_26)
FNDA:2,(anonymous_27)
FNDA:1,(anonymous_28)
FNDA:2,(anonymous_29)
FNDA:2,(anonymous_30)
FNDA:24,(anonymous_31)
FNDA:1,(anonymous_32)
FNDA:1,(anonymous_33)
FNDA:2,(anonymous_34)
FNDA:1,(anonymous_35)
FNDA:1,(anonymous_36)
FNDA:2,(anonymous_37)
FNDA:7,(anonymous_38)
FNDA:1,(anonymous_39)
FNDA:3,(anonymous_40)
FNDA:3,(anonymous_41)
FNDA:6,(anonymous_42)
FNDA:1,(anonymous_43)
FNDA:1,(anonymous_44)
FNDA:2,(anonymous_45)
FNDA:1,(anonymous_46)
FNDA:1,(anonymous_47)
FNDA:3,(anonymous_48)
FNDA:1,(anonymous_49)
FNDA:1,(anonymous_50)
FNDA:3,(anonymous_51)
FNDA:1,(anonymous_52)
FNDA:5,(anonymous_53)
FNDA:5,(anonymous_54)
FNDA:10,(anonymous_55)
FNDA:1,(anonymous_56)
FNDA:1,(anonymous_57)
FNDA:2,(anonymous_58)
FNDA:1,(anonymous_59)
FNDA:1,(anonymous_60)
FNDA:3,(anonymous_61)
FNDA:1,(anonymous_62)
FNDA:1,(anonymous_63)
FNDA:3,(anonymous_64)
FNDA:1,(anonymous_65)
FNDA:1,(anonymous_66)
FNDA:3,(anonymous_67)
FNDA:1,(anonymous_68)
FNDA:1,(anonymous_69)
FNDA:4,(anonymous_70)
FNDA:1,(anonymous_71)
FNDA:3,(anonymous_72)
FNDA:3,(anonymous_73)
FNDA:6,(anonymous_74)
FNDA:1,(anonymous_75)
FNDA:1,(anonymous_76)
FNDA:2,(anonymous_77)
FNDA:1,(anonymous_78)
FNDA:1,(anonymous_79)
FNDA:3,(anonymous_80)
FNDA:1,(anonymous_81)
FNDA:1,(anonymous_82)
FNDA:4,(anonymous_83)
DA:2,1
DA:3,55
DA:4,45
DA:5,55
DA:6,0
DA:7,100
DA:8,45
DA:11,1
DA:12,55
DA:13,45
DA:14,135
DA:16,100
DA:17,220
DA:18,220
DA:19,220
DA:20,220
DA:21,100
DA:22,55
DA:23,0
DA:24,0
DA:26,65
DA:27,20
DA:28,0
DA:29,0
DA:30,0
DA:31,0
DA:33,120
DA:34,220
DA:35,45
DA:38,1
DA:39,1
DA:40,1
DA:41,1
DA:42,1
DA:43,1
DA:44,16
DA:45,16
DA:46,32
DA:47,16
DA:49,16
DA:50,16
DA:54,1
DA:55,1
DA:57,1
DA:58,2
DA:59,1
DA:66,1
DA:67,1
DA:68,1
DA:72,1
DA:74,1
DA:75,2
DA:76,1
DA:84,1
DA:85,1
DA:86,1
DA:90,1
DA:92,1
DA:93,2
DA:94,1
DA:102,1
DA:103,1
DA:104,1
DA:109,1
DA:110,1
DA:111,1
DA:112,2
DA:114,2
DA:115,24
DA:117,2
DA:118,2
DA:119,2
DA:121,12
DA:122,10
DA:123,10
DA:131,10
DA:132,10
DA:133,10
DA:135,10
DA:136,10
DA:137,2
DA:141,1
DA:143,1
DA:144,2
DA:145,1
DA:147,1
DA:148,1
DA:149,1
DA:153,1
DA:155,1
DA:156,2
DA:157,1
DA:159,1
DA:160,1
DA:161,7
DA:162,1
DA:163,5
DA:164,5
DA:165,5
DA:166,5
DA:167,5
DA:168,5
DA:170,1
DA:175,1
DA:177,3
DA:179,3
DA:180,6
DA:182,3
DA:183,3
DA:191,3
DA:192,3
DA:196,1
DA:198,1
DA:199,2
DA:200,1
DA:202,1
DA:203,1
DA:204,1
DA:208,1
DA:210,1
DA:211,3
DA:213,1
DA:214,1
DA:216,1
DA:217,1
DA:218,1
DA:219,0
DA:220,1
DA:224,1
DA:226,1
DA:227,3
DA:229,1
DA:230,1
DA:232,1
DA:233,1
DA:234,1
DA:235,1
DA:236,1
DA:237,1
DA:238,1
DA:239,1
DA:240,1
DA:241,0
DA:242,1
DA:247,1
DA:249,5
DA:251,5
DA:252,10
DA:254,5
DA:255,5
DA:263,5
DA:264,5
DA:268,1
DA:270,1
DA:271,2
DA:272,1
DA:280,1
DA:281,1
DA:282,1
DA:286,1
DA:288,1
DA:289,3
DA:291,1
DA:292,1
DA:299,1
DA:300,1
DA:301,1
DA:302,0
DA:303,1
DA:307,1
DA:309,1
DA:310,3
DA:312,1
DA:313,1
DA:321,1
DA:322,1
DA:323,1
DA:324,0
DA:325,1
DA:329,1
DA:331,1
DA:332,3
DA:334,1
DA:335,1
DA:343,1
DA:344,1
DA:345,1
DA:346,0
DA:347,1
DA:351,1
DA:353,1
DA:354,4
DA:356,1
DA:357,1
DA:365,1
DA:366,1
DA:367,1
DA:369,1
DA:370,1
DA:371,1
DA:372,1
DA:373,1
DA:374,1
DA:375,1
DA:376,0
DA:377,1
DA:382,1
DA:384,3
DA:386,3
DA:387,6
DA:389,3
DA:390,3
DA:398,3
DA:399,3
DA:403,1
DA:405,1
DA:406,2
DA:407,1
DA:409,1
DA:410,1
DA:411,1
DA:415,1
DA:417,1
DA:418,3
DA:420,1
DA:421,1
DA:423,1
DA:424,1
DA:425,1
DA:426,0
DA:427,1
DA:431,1
DA:433,1
DA:434,4
DA:436,1
DA:437,1
DA:439,1
DA:440,1
DA:442,1
DA:443,1
DA:444,1
DA:445,0
DA:446,1
DA:452,1
LF:244
LH:229
BRDA:2,0,0,1
BRDA:2,0,1,1
BRDA:2,0,2,1
BRDA:3,1,0,16
BRDA:3,1,1,39
BRDA:4,2,0,45
BRDA:4,2,1,45
BRDA:7,3,0,45
BRDA:7,3,1,55
BRDA:8,4,0,45
BRDA:8,4,1,45
BRDA:11,5,0,1
BRDA:11,5,1,1
BRDA:11,5,2,1
BRDA:12,6,0,0
BRDA:12,6,1,55
BRDA:13,7,0,45
BRDA:13,7,1,45
BRDA:16,8,0,0
BRDA:16,8,1,100
BRDA:18,9,0,0
BRDA:18,9,1,220
BRDA:18,10,0,220
BRDA:18,10,1,0
BRDA:18,10,2,0
BRDA:18,11,0,0
BRDA:18,11,1,0
BRDA:18,12,0,0
BRDA:18,12,1,0
BRDA:18,13,0,0
BRDA:18,13,1,0
BRDA:18,14,0,0
BRDA:18,14,1,0
BRDA:19,15,0,0
BRDA:19,15,1,220
BRDA:20,16,0,100
BRDA:20,16,1,100
BRDA:20,16,2,55
BRDA:20,16,3,0
BRDA:20,16,4,0
BRDA:20,16,5,65
BRDA:26,17,0,45
BRDA:26,17,1,20
BRDA:26,18,0,65
BRDA:26,18,1,65
BRDA:26,18,2,65
BRDA:26,19,0,65
BRDA:26,19,1,0
BRDA:27,20,0,20
BRDA:27,20,1,0
BRDA:27,21,0,20
BRDA:27,21,1,20
BRDA:27,21,2,0
BRDA:27,21,3,0
BRDA:28,22,0,0
BRDA:28,22,1,0
BRDA:28,23,0,0
BRDA:28,23,1,0
BRDA:29,24,0,0
BRDA:29,24,1,0
BRDA:29,25,0,0
BRDA:29,25,1,0
BRDA:30,26,0,0
BRDA:30,26,1,0
BRDA:35,27,0,0
BRDA:35,27,1,45
BRDA:35,28,0,45
BRDA:35,28,1,0
BRDA:46,29,0,16
BRDA:46,29,1,16
BRDA:58,30,0,1
BRDA:58,30,1,1
BRDA:75,31,0,1
BRDA:75,31,1,1
BRDA:93,32,0,1
BRDA:93,32,1,1
BRDA:115,33,0,2
BRDA:115,33,1,12
BRDA:115,33,2,10
BRDA:115,33,3,10
BRDA:115,33,4,2
BRDA:121,34,0,2
BRDA:121,34,1,10
BRDA:144,35,0,1
BRDA:144,35,1,1
BRDA:156,36,0,1
BRDA:156,36,1,1
BRDA:161,37,0,7
BRDA:161,37,1,0
BRDA:161,38,0,7
BRDA:161,38,1,0
BRDA:180,39,0,3
BRDA:180,39,1,3
BRDA:199,40,0,1
BRDA:199,40,1,1
BRDA:211,41,0,1
BRDA:211,41,1,1
BRDA:211,41,2,0
BRDA:211,41,3,1
BRDA:213,42,0,0
BRDA:213,42,1,1
BRDA:227,43,0,1
BRDA:227,43,1,1
BRDA:227,43,2,0
BRDA:227,43,3,1
BRDA:229,44,0,0
BRDA:229,44,1,1
BRDA:252,45,0,5
BRDA:252,45,1,5
BRDA:271,46,0,1
BRDA:271,46,1,1
BRDA:289,47,0,1
BRDA:289,47,1,1
BRDA:289,47,2,0
BRDA:289,47,3,1
BRDA:291,48,0,0
BRDA:291,48,1,1
BRDA:310,49,0,1
BRDA:310,49,1,1
BRDA:310,49,2,0
BRDA:310,49,3,1
BRDA:312,50,0,0
BRDA:312,50,1,1
BRDA:332,51,0,1
BRDA:332,51,1,1
BRDA:332,51,2,0
BRDA:332,51,3,1
BRDA:334,52,0,0
BRDA:334,52,1,1
BRDA:354,53,0,1
BRDA:354,53,1,1
BRDA:354,53,2,1
BRDA:354,53,3,0
BRDA:354,53,4,1
BRDA:356,54,0,0
BRDA:356,54,1,1
BRDA:387,55,0,3
BRDA:387,55,1,3
BRDA:406,56,0,1
BRDA:406,56,1,1
BRDA:418,57,0,1
BRDA:418,57,1,1
BRDA:418,57,2,0
BRDA:418,57,3,1
BRDA:420,58,0,0
BRDA:420,58,1,1
BRDA:434,59,0,1
BRDA:434,59,1,1
BRDA:434,59,2,1
BRDA:434,59,3,0
BRDA:434,59,4,1
BRDA:436,60,0,0
BRDA:436,60,1,1
BRF:153
BRH:103
end_of_record
TN:
SF:dist\specs\controller\todoController.spec.js
FN:2,(anonymous_0)
FN:3,adopt
FN:3,(anonymous_2)
FN:4,(anonymous_3)
FN:5,fulfilled
FN:6,rejected
FN:7,step
FN:11,(anonymous_7)
FN:12,(anonymous_8)
FN:13,(anonymous_9)
FN:14,verb
FN:14,(anonymous_11)
FN:15,step
FN:46,(anonymous_13)
FN:46,(anonymous_14)
FN:57,(anonymous_15)
FN:57,(anonymous_16)
FN:59,(anonymous_17)
FN:103,(anonymous_18)
FN:104,(anonymous_19)
FN:104,(anonymous_20)
FN:106,(anonymous_21)
FN:127,(anonymous_22)
FN:127,(anonymous_23)
FN:129,(anonymous_24)
FN:151,(anonymous_25)
FN:151,(anonymous_26)
FN:153,(anonymous_27)
FN:175,(anonymous_28)
FN:175,(anonymous_29)
FN:177,(anonymous_30)
FN:197,(anonymous_31)
FN:197,(anonymous_32)
FN:199,(anonymous_33)
FN:221,(anonymous_34)
FN:221,(anonymous_35)
FN:223,(anonymous_36)
FN:246,(anonymous_37)
FN:247,(anonymous_38)
FN:247,(anonymous_39)
FN:249,(anonymous_40)
FN:263,(anonymous_41)
FN:263,(anonymous_42)
FN:265,(anonymous_43)
FN:277,(anonymous_44)
FN:277,(anonymous_45)
FN:279,(anonymous_46)
FN:293,(anonymous_47)
FN:293,(anonymous_48)
FN:295,(anonymous_49)
FN:309,(anonymous_50)
FN:309,(anonymous_51)
FN:311,(anonymous_52)
FN:326,(anonymous_53)
FN:328,(anonymous_54)
FN:333,(anonymous_55)
FN:333,(anonymous_56)
FN:335,(anonymous_57)
FN:349,(anonymous_58)
FN:349,(anonymous_59)
FN:351,(anonymous_60)
FN:363,(anonymous_61)
FN:363,(anonymous_62)
FN:365,(anonymous_63)
FN:379,(anonymous_64)
FN:379,(anonymous_65)
FN:381,(anonymous_66)
FN:395,(anonymous_67)
FN:395,(anonymous_68)
FN:397,(anonymous_69)
FN:412,(anonymous_70)
FN:414,(anonymous_71)
FN:419,(anonymous_72)
FN:419,(anonymous_73)
FN:421,(anonymous_74)
FN:438,(anonymous_75)
FN:438,(anonymous_76)
FN:440,(anonymous_77)
FN:456,(anonymous_78)
FN:456,(anonymous_79)
FN:458,(anonymous_80)
FN:476,(anonymous_81)
FN:476,(anonymous_82)
FN:478,(anonymous_83)
FN:496,(anonymous_84)
FN:496,(anonymous_85)
FN:498,(anonymous_86)
FN:517,(anonymous_87)
FN:519,(anonymous_88)
FN:524,(anonymous_89)
FN:524,(anonymous_90)
FN:526,(anonymous_91)
FN:540,(anonymous_92)
FN:540,(anonymous_93)
FN:542,(anonymous_94)
FN:554,(anonymous_95)
FN:554,(anonymous_96)
FN:556,(anonymous_97)
FN:570,(anonymous_98)
FN:570,(anonymous_99)
FN:572,(anonymous_100)
FN:586,(anonymous_101)
FN:586,(anonymous_102)
FN:588,(anonymous_103)
FNF:104
FNH:102
FNDA:52,(anonymous_0)
FNDA:156,adopt
FNDA:130,(anonymous_2)
FNDA:52,(anonymous_3)
FNDA:156,fulfilled
FNDA:0,rejected
FNDA:208,step
FNDA:52,(anonymous_7)
FNDA:156,(anonymous_8)
FNDA:0,(anonymous_9)
FNDA:156,verb
FNDA:208,(anonymous_11)
FNDA:208,step
FNDA:1,(anonymous_13)
FNDA:1,(anonymous_14)
FNDA:26,(anonymous_15)
FNDA:26,(anonymous_16)
FNDA:156,(anonymous_17)
FNDA:1,(anonymous_18)
FNDA:1,(anonymous_19)
FNDA:1,(anonymous_20)
FNDA:2,(anonymous_21)
FNDA:1,(anonymous_22)
FNDA:1,(anonymous_23)
FNDA:2,(anonymous_24)
FNDA:1,(anonymous_25)
FNDA:1,(anonymous_26)
FNDA:2,(anonymous_27)
FNDA:1,(anonymous_28)
FNDA:1,(anonymous_29)
FNDA:2,(anonymous_30)
FNDA:1,(anonymous_31)
FNDA:1,(anonymous_32)
FNDA:2,(anonymous_33)
FNDA:1,(anonymous_34)
FNDA:1,(anonymous_35)
FNDA:2,(anonymous_36)
FNDA:1,(anonymous_37)
FNDA:1,(anonymous_38)
FNDA:1,(anonymous_39)
FNDA:2,(anonymous_40)
FNDA:1,(anonymous_41)
FNDA:1,(anonymous_42)
FNDA:2,(anonymous_43)
FNDA:1,(anonymous_44)
FNDA:1,(anonymous_45)
FNDA:2,(anonymous_46)
FNDA:1,(anonymous_47)
FNDA:1,(anonymous_48)
FNDA:2,(anonymous_49)
FNDA:1,(anonymous_50)
FNDA:1,(anonymous_51)
FNDA:2,(anonymous_52)
FNDA:1,(anonymous_53)
FNDA:5,(anonymous_54)
FNDA:1,(anonymous_55)
FNDA:1,(anonymous_56)
FNDA:2,(anonymous_57)
FNDA:1,(anonymous_58)
FNDA:1,(anonymous_59)
FNDA:2,(anonymous_60)
FNDA:1,(anonymous_61)
FNDA:1,(anonymous_62)
FNDA:2,(anonymous_63)
FNDA:1,(anonymous_64)
FNDA:1,(anonymous_65)
FNDA:2,(anonymous_66)
FNDA:1,(anonymous_67)
FNDA:1,(anonymous_68)
FNDA:2,(anonymous_69)
FNDA:1,(anonymous_70)
FNDA:5,(anonymous_71)
FNDA:1,(anonymous_72)
FNDA:1,(anonymous_73)
FNDA:2,(anonymous_74)
FNDA:1,(anonymous_75)
FNDA:1,(anonymous_76)
FNDA:2,(anonymous_77)
FNDA:1,(anonymous_78)
FNDA:1,(anonymous_79)
FNDA:2,(anonymous_80)
FNDA:1,(anonymous_81)
FNDA:1,(anonymous_82)
FNDA:2,(anonymous_83)
FNDA:1,(anonymous_84)
FNDA:1,(anonymous_85)
FNDA:2,(anonymous_86)
FNDA:1,(anonymous_87)
FNDA:5,(anonymous_88)
FNDA:1,(anonymous_89)
FNDA:1,(anonymous_90)
FNDA:2,(anonymous_91)
FNDA:1,(anonymous_92)
FNDA:1,(anonymous_93)
FNDA:2,(anonymous_94)
FNDA:1,(anonymous_95)
FNDA:1,(anonymous_96)
FNDA:2,(anonymous_97)
FNDA:1,(anonymous_98)
FNDA:1,(anonymous_99)
FNDA:2,(anonymous_100)
FNDA:1,(anonymous_101)
FNDA:1,(anonymous_102)
FNDA:2,(anonymous_103)
DA:2,1
DA:3,156
DA:4,52
DA:5,156
DA:6,0
DA:7,208
DA:8,52
DA:11,1
DA:12,156
DA:13,52
DA:14,208
DA:16,208
DA:17,416
DA:18,416
DA:19,416
DA:20,416
DA:21,208
DA:22,156
DA:23,0
DA:24,0
DA:26,52
DA:27,0
DA:28,0
DA:29,0
DA:30,0
DA:31,0
DA:33,208
DA:34,416
DA:35,52
DA:38,1
DA:39,1
DA:40,1
DA:41,1
DA:42,1
DA:43,1
DA:44,1
DA:45,1
DA:46,1
DA:47,1
DA:49,1
DA:50,1
DA:57,26
DA:59,26
DA:60,156
DA:61,26
DA:63,26
DA:64,26
DA:71,26
DA:72,26
DA:73,26
DA:74,26
DA:75,26
DA:81,26
DA:82,26
DA:83,26
DA:89,26
DA:90,26
DA:96,26
DA:97,26
DA:98,26
DA:99,26
DA:103,1
DA:104,1
DA:106,1
DA:107,2
DA:108,1
DA:121,1
DA:122,1
DA:123,1
DA:127,1
DA:129,1
DA:130,2
DA:131,1
DA:145,1
DA:146,1
DA:147,1
DA:151,1
DA:153,1
DA:154,2
DA:155,1
DA:169,1
DA:170,1
DA:171,1
DA:175,1
DA:177,1
DA:178,2
DA:179,1
DA:191,1
DA:192,1
DA:193,1
DA:197,1
DA:199,1
DA:200,2
DA:201,1
DA:215,1
DA:216,1
DA:217,1
DA:221,1
DA:223,1
DA:224,2
DA:225,1
DA:239,1
DA:240,1
DA:241,1
DA:246,1
DA:247,1
DA:249,1
DA:250,2
DA:251,1
DA:257,1
DA:258,1
DA:259,1
DA:263,1
DA:265,1
DA:266,2
DA:267,1
DA:271,1
DA:272,1
DA:273,1
DA:277,1
DA:279,1
DA:280,2
DA:281,1
DA:287,1
DA:288,1
DA:289,1
DA:293,1
DA:295,1
DA:296,2
DA:297,1
DA:303,1
DA:304,1
DA:305,1
DA:309,1
DA:311,1
DA:312,2
DA:313,1
DA:319,1
DA:320,1
DA:321,1
DA:326,1
DA:327,1
DA:328,1
DA:329,5
DA:330,5
DA:333,1
DA:335,1
DA:336,2
DA:337,1
DA:343,1
DA:344,1
DA:345,1
DA:349,1
DA:351,1
DA:352,2
DA:353,1
DA:357,1
DA:358,1
DA:359,1
DA:363,1
DA:365,1
DA:366,2
DA:367,1
DA:373,1
DA:374,1
DA:375,1
DA:379,1
DA:381,1
DA:382,2
DA:383,1
DA:389,1
DA:390,1
DA:391,1
DA:395,1
DA:397,1
DA:398,2
DA:399,1
DA:405,1
DA:406,1
DA:407,1
DA:412,1
DA:413,1
DA:414,1
DA:415,5
DA:416,5
DA:419,1
DA:421,1
DA:422,2
DA:423,1
DA:432,1
DA:433,1
DA:434,1
DA:438,1
DA:440,1
DA:441,2
DA:442,1
DA:450,1
DA:451,1
DA:452,1
DA:456,1
DA:458,1
DA:459,2
DA:460,1
DA:470,1
DA:471,1
DA:472,1
DA:476,1
DA:478,1
DA:479,2
DA:480,1
DA:490,1
DA:491,1
DA:492,1
DA:496,1
DA:498,1
DA:499,2
DA:500,1
DA:510,1
DA:511,1
DA:512,1
DA:517,1
DA:518,1
DA:519,1
DA:520,5
DA:521,5
DA:524,1
DA:526,1
DA:527,2
DA:528,1
DA:534,1
DA:535,1
DA:536,1
DA:540,1
DA:542,1
DA:543,2
DA:544,1
DA:548,1
DA:549,1
DA:550,1
DA:554,1
DA:556,1
DA:557,2
DA:558,1
DA:564,1
DA:565,1
DA:566,1
DA:570,1
DA:572,1
DA:573,2
DA:574,1
DA:580,1
DA:581,1
DA:582,1
DA:586,1
DA:588,1
DA:589,2
DA:590,1
DA:596,1
DA:597,1
DA:598,1
DA:652,1
LF:261
LH:253
BRDA:2,0,0,1
BRDA:2,0,1,1
BRDA:2,0,2,1
BRDA:3,1,0,26
BRDA:3,1,1,130
BRDA:4,2,0,52
BRDA:4,2,1,52
BRDA:7,3,0,52
BRDA:7,3,1,156
BRDA:8,4,0,52
BRDA:8,4,1,52
BRDA:11,5,0,1
BRDA:11,5,1,1
BRDA:11,5,2,1
BRDA:12,6,0,0
BRDA:12,6,1,156
BRDA:13,7,0,52
BRDA:13,7,1,52
BRDA:16,8,0,0
BRDA:16,8,1,208
BRDA:18,9,0,0
BRDA:18,9,1,416
BRDA:18,10,0,416
BRDA:18,10,1,0
BRDA:18,10,2,0
BRDA:18,11,0,0
BRDA:18,11,1,0
BRDA:18,12,0,0
BRDA:18,12,1,0
BRDA:18,13,0,0
BRDA:18,13,1,0
BRDA:18,14,0,0
BRDA:18,14,1,0
BRDA:19,15,0,0
BRDA:19,15,1,416
BRDA:20,16,0,208
BRDA:20,16,1,208
BRDA:20,16,2,156
BRDA:20,16,3,0
BRDA:20,16,4,0
BRDA:20,16,5,52
BRDA:26,17,0,52
BRDA:26,17,1,0
BRDA:26,18,0,52
BRDA:26,18,1,52
BRDA:26,18,2,52
BRDA:26,19,0,52
BRDA:26,19,1,0
BRDA:27,20,0,0
BRDA:27,20,1,0
BRDA:27,21,0,0
BRDA:27,21,1,0
BRDA:27,21,2,0
BRDA:27,21,3,0
BRDA:28,22,0,0
BRDA:28,22,1,0
BRDA:28,23,0,0
BRDA:28,23,1,0
BRDA:29,24,0,0
BRDA:29,24,1,0
BRDA:29,25,0,0
BRDA:29,25,1,0
BRDA:30,26,0,0
BRDA:30,26,1,0
BRDA:35,27,0,0
BRDA:35,27,1,52
BRDA:35,28,0,52
BRDA:35,28,1,0
BRDA:60,29,0,26
BRDA:60,29,1,26
BRDA:60,29,2,26
BRDA:60,29,3,26
BRDA:60,29,4,26
BRDA:60,29,5,26
BRDA:98,30,0,26
BRDA:98,30,1,0
BRDA:107,31,0,1
BRDA:107,31,1,1
BRDA:130,32,0,1
BRDA:130,32,1,1
BRDA:154,33,0,1
BRDA:154,33,1,1
BRDA:178,34,0,1
BRDA:178,34,1,1
BRDA:200,35,0,1
BRDA:200,35,1,1
BRDA:224,36,0,1
BRDA:224,36,1,1
BRDA:250,37,0,1
BRDA:250,37,1,1
BRDA:266,38,0,1
BRDA:266,38,1,1
BRDA:280,39,0,1
BRDA:280,39,1,1
BRDA:296,40,0,1
BRDA:296,40,1,1
BRDA:312,41,0,1
BRDA:312,41,1,1
BRDA:329,42,0,5
BRDA:329,42,1,0
BRDA:330,43,0,5
BRDA:330,43,1,0
BRDA:336,44,0,1
BRDA:336,44,1,1
BRDA:352,45,0,1
BRDA:352,45,1,1
BRDA:366,46,0,1
BRDA:366,46,1,1
BRDA:382,47,0,1
BRDA:382,47,1,1
BRDA:398,48,0,1
BRDA:398,48,1,1
BRDA:415,49,0,5
BRDA:415,49,1,0
BRDA:416,50,0,5
BRDA:416,50,1,0
BRDA:422,51,0,1
BRDA:422,51,1,1
BRDA:441,52,0,1
BRDA:441,52,1,1
BRDA:459,53,0,1
BRDA:459,53,1,1
BRDA:479,54,0,1
BRDA:479,54,1,1
BRDA:499,55,0,1
BRDA:499,55,1,1
BRDA:520,56,0,5
BRDA:520,56,1,0
BRDA:521,57,0,5
BRDA:521,57,1,0
BRDA:527,58,0,1
BRDA:527,58,1,1
BRDA:543,59,0,1
BRDA:543,59,1,1
BRDA:557,60,0,1
BRDA:557,60,1,1
BRDA:573,61,0,1
BRDA:573,61,1,1
BRDA:589,62,0,1
BRDA:589,62,1,1
BRF:140
BRH:97
end_of_record
TN:
SF:dist\specs\controller\usersController.spec.js
FN:2,(anonymous_0)
FN:3,adopt
FN:3,(anonymous_2)
FN:4,(anonymous_3)
FN:5,fulfilled
FN:6,rejected
FN:7,step
FN:11,(anonymous_7)
FN:12,(anonymous_8)
FN:13,(anonymous_9)
FN:14,verb
FN:14,(anonymous_11)
FN:15,step
FN:38,(anonymous_13)
FN:48,(anonymous_14)
FN:48,(anonymous_15)
FN:49,(anonymous_16)
FN:50,(anonymous_17)
FN:50,(anonymous_18)
FN:51,(anonymous_19)
FN:60,(anonymous_20)
FN:60,(anonymous_21)
FN:62,(anonymous_22)
FN:74,(anonymous_23)
FN:74,(anonymous_24)
FN:76,(anonymous_25)
FN:89,(anonymous_26)
FN:89,(anonymous_27)
FN:91,(anonymous_28)
FN:104,(anonymous_29)
FN:104,(anonymous_30)
FN:106,(anonymous_31)
FNF:32
FNH:30
FNDA:8,(anonymous_0)
FNDA:8,adopt
FNDA:4,(anonymous_2)
FNDA:8,(anonymous_3)
FNDA:8,fulfilled
FNDA:0,rejected
FNDA:16,step
FNDA:8,(anonymous_7)
FNDA:8,(anonymous_8)
FNDA:0,(anonymous_9)
FNDA:24,verb
FNDA:16,(anonymous_11)
FNDA:16,step
FNDA:1,(anonymous_13)
FNDA:1,(anonymous_14)
FNDA:1,(anonymous_15)
FNDA:1,(anonymous_16)
FNDA:4,(anonymous_17)
FNDA:4,(anonymous_18)
FNDA:8,(anonymous_19)
FNDA:1,(anonymous_20)
FNDA:1,(anonymous_21)
FNDA:2,(anonymous_22)
FNDA:1,(anonymous_23)
FNDA:1,(anonymous_24)
FNDA:2,(anonymous_25)
FNDA:1,(anonymous_26)
FNDA:1,(anonymous_27)
FNDA:2,(anonymous_28)
FNDA:1,(anonymous_29)
FNDA:1,(anonymous_30)
FNDA:2,(anonymous_31)
DA:2,1
DA:3,8
DA:4,8
DA:5,8
DA:6,0
DA:7,16
DA:8,8
DA:11,1
DA:12,8
DA:13,8
DA:14,24
DA:16,16
DA:17,32
DA:18,32
DA:19,32
DA:20,32
DA:21,16
DA:22,8
DA:23,0
DA:24,0
DA:26,8
DA:27,0
DA:28,0
DA:29,0
DA:30,0
DA:31,0
DA:33,16
DA:34,32
DA:35,8
DA:38,1
DA:39,1
DA:41,1
DA:42,1
DA:43,1
DA:44,1
DA:45,1
DA:46,1
DA:47,1
DA:48,1
DA:49,1
DA:50,4
DA:51,4
DA:52,8
DA:53,4
DA:55,4
DA:56,4
DA:60,1
DA:62,1
DA:63,2
DA:64,1
DA:68,1
DA:69,1
DA:70,1
DA:74,1
DA:76,1
DA:77,2
DA:78,1
DA:83,1
DA:84,1
DA:85,1
DA:89,1
DA:91,1
DA:92,2
DA:93,1
DA:98,1
DA:99,1
DA:100,1
DA:104,1
DA:106,1
DA:107,2
DA:108,1
DA:113,1
DA:114,1
DA:115,1
DA:116,1
DA:117,1
DA:123,1
LF:77
LH:69
BRDA:2,0,0,1
BRDA:2,0,1,1
BRDA:2,0,2,1
BRDA:3,1,0,4
BRDA:3,1,1,4
BRDA:4,2,0,8
BRDA:4,2,1,8
BRDA:7,3,0,8
BRDA:7,3,1,8
BRDA:8,4,0,8
BRDA:8,4,1,8
BRDA:11,5,0,1
BRDA:11,5,1,1
BRDA:11,5,2,1
BRDA:12,6,0,0
BRDA:12,6,1,8
BRDA:13,7,0,8
BRDA:13,7,1,8
BRDA:16,8,0,0
BRDA:16,8,1,16
BRDA:18,9,0,0
BRDA:18,9,1,32
BRDA:18,10,0,32
BRDA:18,10,1,0
BRDA:18,10,2,0
BRDA:18,11,0,0
BRDA:18,11,1,0
BRDA:18,12,0,0
BRDA:18,12,1,0
BRDA:18,13,0,0
BRDA:18,13,1,0
BRDA:18,14,0,0
BRDA:18,14,1,0
BRDA:19,15,0,0
BRDA:19,15,1,32
BRDA:20,16,0,16
BRDA:20,16,1,16
BRDA:20,16,2,8
BRDA:20,16,3,0
BRDA:20,16,4,0
BRDA:20,16,5,8
BRDA:26,17,0,8
BRDA:26,17,1,0
BRDA:26,18,0,8
BRDA:26,18,1,8
BRDA:26,18,2,8
BRDA:26,19,0,8
BRDA:26,19,1,0
BRDA:27,20,0,0
BRDA:27,20,1,0
BRDA:27,21,0,0
BRDA:27,21,1,0
BRDA:27,21,2,0
BRDA:27,21,3,0
BRDA:28,22,0,0
BRDA:28,22,1,0
BRDA:28,23,0,0
BRDA:28,23,1,0
BRDA:29,24,0,0
BRDA:29,24,1,0
BRDA:29,25,0,0
BRDA:29,25,1,0
BRDA:30,26,0,0
BRDA:30,26,1,0
BRDA:35,27,0,0
BRDA:35,27,1,8
BRDA:35,28,0,8
BRDA:35,28,1,0
BRDA:38,29,0,1
BRDA:38,29,1,1
BRDA:38,29,2,1
BRDA:39,30,0,0
BRDA:39,30,1,1
BRDA:39,31,0,1
BRDA:39,31,1,1
BRDA:52,32,0,4
BRDA:52,32,1,4
BRDA:63,33,0,1
BRDA:63,33,1,1
BRDA:77,34,0,1
BRDA:77,34,1,1
BRDA:92,35,0,1
BRDA:92,35,1,1
BRDA:107,36,0,1
BRDA:107,36,1,1
BRF:85
BRH:48
end_of_record
TN:
SF:dist\specs\helpers\body-helper.js
FN:4,(anonymous_0)
FNF:1
FNH:1
FNDA:53,(anonymous_0)
DA:2,1
DA:3,1
DA:4,1
DA:5,53
DA:19,1
LF:5
LH:5
BRF:0
BRH:0
end_of_record
TN:
SF:dist\specs\helpers\test-helper.js
FN:2,(anonymous_0)
FN:3,adopt
FN:3,(anonymous_2)
FN:4,(anonymous_3)
FN:5,fulfilled
FN:6,rejected
FN:7,step
FN:11,(anonymous_7)
FN:12,(anonymous_8)
FN:13,(anonymous_9)
FN:14,verb
FN:14,(anonymous_11)
FN:15,step
FN:50,clearDB
FN:51,(anonymous_14)
FN:53,(anonymous_15)
FNF:16
FNH:13
FNDA:77,(anonymous_0)
FNDA:616,adopt
FNDA:0,(anonymous_2)
FNDA:77,(anonymous_3)
FNDA:616,fulfilled
FNDA:0,rejected
FNDA:693,step
FNDA:77,(anonymous_7)
FNDA:616,(anonymous_8)
FNDA:0,(anonymous_9)
FNDA:231,verb
FNDA:693,(anonymous_11)
FNDA:693,step
FNDA:77,clearDB
FNDA:77,(anonymous_14)
FNDA:1386,(anonymous_15)
DA:2,1
DA:3,616
DA:4,77
DA:5,616
DA:6,0
DA:7,693
DA:8,77
DA:11,1
DA:12,616
DA:13,77
DA:14,693
DA:16,693
DA:17,2079
DA:18,2079
DA:19,2079
DA:20,2079
DA:21,693
DA:22,616
DA:23,0
DA:24,0
DA:26,770
DA:27,693
DA:28,0
DA:29,0
DA:30,0
DA:31,0
DA:33,1386
DA:34,2079
DA:35,77
DA:38,1
DA:39,1
DA:40,1
DA:41,1
DA:51,77
DA:53,77
DA:54,1386
DA:56,77
DA:57,77
DA:59,693
DA:60,616
DA:61,616
DA:63,616
DA:64,616
DA:66,616
DA:67,616
DA:68,77
DA:73,1
LF:47
LH:40
BRDA:2,0,0,1
BRDA:2,0,1,1
BRDA:2,0,2,1
BRDA:3,1,0,616
BRDA:3,1,1,0
BRDA:4,2,0,77
BRDA:4,2,1,77
BRDA:7,3,0,77
BRDA:7,3,1,616
BRDA:8,4,0,77
BRDA:8,4,1,77
BRDA:11,5,0,1
BRDA:11,5,1,1
BRDA:11,5,2,1
BRDA:12,6,0,0
BRDA:12,6,1,616
BRDA:13,7,0,77
BRDA:13,7,1,77
BRDA:16,8,0,0
BRDA:16,8,1,693
BRDA:18,9,0,0
BRDA:18,9,1,2079
BRDA:18,10,0,2079
BRDA:18,10,1,0
BRDA:18,10,2,0
BRDA:18,11,0,0
BRDA:18,11,1,0
BRDA:18,12,0,0
BRDA:18,12,1,0
BRDA:18,13,0,0
BRDA:18,13,1,0
BRDA:18,14,0,0
BRDA:18,14,1,0
BRDA:19,15,0,0
BRDA:19,15,1,2079
BRDA:20,16,0,693
BRDA:20,16,1,693
BRDA:20,16,2,616
BRDA:20,16,3,0
BRDA:20,16,4,0
BRDA:20,16,5,770
BRDA:26,17,0,77
BRDA:26,17,1,693
BRDA:26,18,0,770
BRDA:26,18,1,770
BRDA:26,18,2,770
BRDA:26,19,0,770
BRDA:26,19,1,0
BRDA:27,20,0,693
BRDA:27,20,1,0
BRDA:27,21,0,693
BRDA:27,21,1,693
BRDA:27,21,2,0
BRDA:27,21,3,0
BRDA:28,22,0,0
BRDA:28,22,1,0
BRDA:28,23,0,0
BRDA:28,23,1,0
BRDA:29,24,0,0
BRDA:29,24,1,0
BRDA:29,25,0,0
BRDA:29,25,1,0
BRDA:30,26,0,0
BRDA:30,26,1,0
BRDA:35,27,0,0
BRDA:35,27,1,77
BRDA:35,28,0,77
BRDA:35,28,1,0
BRDA:54,29,0,77
BRDA:54,29,1,693
BRDA:54,29,2,616
BRDA:54,29,3,616
BRDA:54,29,4,77
BRDA:59,30,0,77
BRDA:59,30,1,616
BRF:75
BRH:42
end_of_record
